[0.027s] Invoking command in '/home/cyril/dev_ws/build/my_bot': /usr/bin/cmake --build /home/cyril/dev_ws/build/my_bot -- -j8 -l8
[0.363s] Invoked command in '/home/cyril/dev_ws/build/my_bot' returned '0': /usr/bin/cmake --build /home/cyril/dev_ws/build/my_bot -- -j8 -l8
[0.433s] Invoking command in '/home/cyril/dev_ws/build/my_bot': /usr/bin/cmake --install /home/cyril/dev_ws/build/my_bot
[0.463s] -- Install configuration: ""
[0.464s] -- Execute custom install script
[0.470s] -- Up-to-date symlink: /home/cyril/dev_ws/install/my_bot/share/my_bot/config/drive_bot.rviz
[0.470s] -- Up-to-date symlink: /home/cyril/dev_ws/install/my_bot/share/my_bot/config/empty.yaml
[0.471s] -- Up-to-date symlink: /home/cyril/dev_ws/install/my_bot/share/my_bot/config/mapper_params_online_async.yaml
[0.471s] -- Symlinking: /home/cyril/dev_ws/install/my_bot/share/my_bot/config/my_rv.rviz
[0.496s] -- Up-to-date symlink: /home/cyril/dev_ws/install/my_bot/share/my_bot/config/nav2_params.yaml
[0.496s] -- Up-to-date symlink: /home/cyril/dev_ws/install/my_bot/share/my_bot/config/obstacle/model.config
[0.496s] -- Up-to-date symlink: /home/cyril/dev_ws/install/my_bot/share/my_bot/config/obstacle/model.sdf
[0.497s] -- Up-to-date symlink: /home/cyril/dev_ws/install/my_bot/share/my_bot/config/view_bot.rviz
[0.498s] -- Up-to-date symlink: /home/cyril/dev_ws/install/my_bot/share/my_bot/description/gazebo_control.xacro
[0.498s] -- Up-to-date symlink: /home/cyril/dev_ws/install/my_bot/share/my_bot/description/inertial_macros.xacro
[0.498s] -- Up-to-date symlink: /home/cyril/dev_ws/install/my_bot/share/my_bot/description/lidar.xacro
[0.499s] -- Up-to-date symlink: /home/cyril/dev_ws/install/my_bot/share/my_bot/description/robot.urdf.xacro
[0.499s] -- Up-to-date symlink: /home/cyril/dev_ws/install/my_bot/share/my_bot/description/robot_core.xacro
[0.500s] -- Up-to-date symlink: /home/cyril/dev_ws/install/my_bot/share/my_bot/launch/gazebo.launch.py
[0.500s] -- Up-to-date symlink: /home/cyril/dev_ws/install/my_bot/share/my_bot/launch/mapping.launch.py
[0.500s] -- Up-to-date symlink: /home/cyril/dev_ws/install/my_bot/share/my_bot/launch/navigation.launch.py
[0.500s] -- Up-to-date symlink: /home/cyril/dev_ws/install/my_bot/share/my_bot/launch/rsp.launch.py
[0.501s] -- Symlinking: /home/cyril/dev_ws/install/my_bot/share/my_bot/launch/rviz.launch.py
[0.515s] -- Up-to-date symlink: /home/cyril/dev_ws/install/my_bot/share/my_bot/worlds/empty.world
[0.515s] -- Up-to-date symlink: /home/cyril/dev_ws/install/my_bot/share/my_bot/worlds/my_theme.world
[0.516s] -- Up-to-date symlink: /home/cyril/dev_ws/install/my_bot/share/ament_index/resource_index/package_run_dependencies/my_bot
[0.516s] -- Up-to-date symlink: /home/cyril/dev_ws/install/my_bot/share/ament_index/resource_index/parent_prefix_path/my_bot
[0.516s] -- Up-to-date symlink: /home/cyril/dev_ws/install/my_bot/share/my_bot/environment/ament_prefix_path.sh
[0.517s] -- Up-to-date symlink: /home/cyril/dev_ws/install/my_bot/share/my_bot/environment/ament_prefix_path.dsv
[0.517s] -- Up-to-date symlink: /home/cyril/dev_ws/install/my_bot/share/my_bot/environment/path.sh
[0.518s] -- Up-to-date symlink: /home/cyril/dev_ws/install/my_bot/share/my_bot/environment/path.dsv
[0.518s] -- Up-to-date symlink: /home/cyril/dev_ws/install/my_bot/share/my_bot/local_setup.bash
[0.519s] -- Up-to-date symlink: /home/cyril/dev_ws/install/my_bot/share/my_bot/local_setup.sh
[0.519s] -- Up-to-date symlink: /home/cyril/dev_ws/install/my_bot/share/my_bot/local_setup.zsh
[0.520s] -- Up-to-date symlink: /home/cyril/dev_ws/install/my_bot/share/my_bot/local_setup.dsv
[0.520s] -- Symlinking: /home/cyril/dev_ws/install/my_bot/share/my_bot/package.dsv
[0.533s] -- Up-to-date symlink: /home/cyril/dev_ws/install/my_bot/share/ament_index/resource_index/packages/my_bot
[0.533s] -- Up-to-date symlink: /home/cyril/dev_ws/install/my_bot/share/my_bot/cmake/my_botConfig.cmake
[0.534s] -- Up-to-date symlink: /home/cyril/dev_ws/install/my_bot/share/my_bot/cmake/my_botConfig-version.cmake
[0.534s] -- Up-to-date symlink: /home/cyril/dev_ws/install/my_bot/share/my_bot/package.xml
[0.540s] Invoked command in '/home/cyril/dev_ws/build/my_bot' returned '0': /usr/bin/cmake --install /home/cyril/dev_ws/build/my_bot
