[0.018s] Invoking command in '/home/cyril/dev_ws/build/my_bot': /usr/bin/cmake --build /home/cyril/dev_ws/build/my_bot -- -j8 -l8
[0.074s] Invoked command in '/home/cyril/dev_ws/build/my_bot' returned '0': /usr/bin/cmake --build /home/cyril/dev_ws/build/my_bot -- -j8 -l8
[0.121s] Invoking command in '/home/cyril/dev_ws/build/my_bot': /usr/bin/cmake --install /home/cyril/dev_ws/build/my_bot
[0.135s] -- Install configuration: ""
[0.136s] -- Execute custom install script
[0.137s] -- Up-to-date symlink: /home/cyril/dev_ws/install/my_bot/share/my_bot/config/drive_bot.rviz
[0.138s] -- Up-to-date symlink: /home/cyril/dev_ws/install/my_bot/share/my_bot/config/empty.yaml
[0.138s] -- Symlinking: /home/cyril/dev_ws/install/my_bot/share/my_bot/config/obstacle/model.config
[0.155s] -- Symlinking: /home/cyril/dev_ws/install/my_bot/share/my_bot/config/obstacle/model.sdf
[0.169s] -- Up-to-date symlink: /home/cyril/dev_ws/install/my_bot/share/my_bot/config/view_bot.rviz
[0.170s] -- Up-to-date symlink: /home/cyril/dev_ws/install/my_bot/share/my_bot/description/gazebo_control.xacro
[0.170s] -- Up-to-date symlink: /home/cyril/dev_ws/install/my_bot/share/my_bot/description/inertial_macros.xacro
[0.171s] -- Symlinking: /home/cyril/dev_ws/install/my_bot/share/my_bot/description/lidar.xacro
[0.182s] -- Up-to-date symlink: /home/cyril/dev_ws/install/my_bot/share/my_bot/description/robot.urdf.xacro
[0.182s] -- Up-to-date symlink: /home/cyril/dev_ws/install/my_bot/share/my_bot/description/robot_core.xacro
[0.183s] -- Up-to-date symlink: /home/cyril/dev_ws/install/my_bot/share/my_bot/launch/launch_sim.launch.py
[0.183s] -- Up-to-date symlink: /home/cyril/dev_ws/install/my_bot/share/my_bot/launch/rsp.launch.py
[0.184s] -- Up-to-date symlink: /home/cyril/dev_ws/install/my_bot/share/my_bot/worlds/empty.world
[0.184s] -- Symlinking: /home/cyril/dev_ws/install/my_bot/share/my_bot/worlds/my_theme.world
[0.195s] -- Up-to-date symlink: /home/cyril/dev_ws/install/my_bot/share/ament_index/resource_index/package_run_dependencies/my_bot
[0.195s] -- Up-to-date symlink: /home/cyril/dev_ws/install/my_bot/share/ament_index/resource_index/parent_prefix_path/my_bot
[0.196s] -- Up-to-date symlink: /home/cyril/dev_ws/install/my_bot/share/my_bot/environment/ament_prefix_path.sh
[0.196s] -- Up-to-date symlink: /home/cyril/dev_ws/install/my_bot/share/my_bot/environment/ament_prefix_path.dsv
[0.196s] -- Up-to-date symlink: /home/cyril/dev_ws/install/my_bot/share/my_bot/environment/path.sh
[0.197s] -- Up-to-date symlink: /home/cyril/dev_ws/install/my_bot/share/my_bot/environment/path.dsv
[0.197s] -- Up-to-date symlink: /home/cyril/dev_ws/install/my_bot/share/my_bot/local_setup.bash
[0.198s] -- Up-to-date symlink: /home/cyril/dev_ws/install/my_bot/share/my_bot/local_setup.sh
[0.198s] -- Up-to-date symlink: /home/cyril/dev_ws/install/my_bot/share/my_bot/local_setup.zsh
[0.199s] -- Up-to-date symlink: /home/cyril/dev_ws/install/my_bot/share/my_bot/local_setup.dsv
[0.199s] -- Symlinking: /home/cyril/dev_ws/install/my_bot/share/my_bot/package.dsv
[0.211s] -- Up-to-date symlink: /home/cyril/dev_ws/install/my_bot/share/ament_index/resource_index/packages/my_bot
[0.211s] -- Up-to-date symlink: /home/cyril/dev_ws/install/my_bot/share/my_bot/cmake/my_botConfig.cmake
[0.212s] -- Up-to-date symlink: /home/cyril/dev_ws/install/my_bot/share/my_bot/cmake/my_botConfig-version.cmake
[0.212s] -- Up-to-date symlink: /home/cyril/dev_ws/install/my_bot/share/my_bot/package.xml
[0.215s] Invoked command in '/home/cyril/dev_ws/build/my_bot' returned '0': /usr/bin/cmake --install /home/cyril/dev_ws/build/my_bot
