[2.291s] DEBUG:colcon:Command line arguments: ['/usr/bin/colcon', 'build', '--symlink-install']
[2.292s] DEBUG:colcon:Parsed command line arguments: Namespace(allow_overriding=[], ament_cmake_args=None, base_paths=['.'], build_base='build', catkin_cmake_args=None, catkin_skip_building_tests=False, cmake_args=None, cmake_clean_cache=False, cmake_clean_first=False, cmake_force_configure=False, cmake_target=None, cmake_target_skip_unavailable=False, continue_on_error=False, event_handlers=None, executor='parallel', ignore_user_meta=False, install_base='install', log_base=None, log_level=None, main=<bound method BuildVerb.main of <colcon_core.verb.build.BuildVerb object at 0x7f80aa166940>>, merge_install=False, metas=['./colcon.meta'], mixin=None, mixin_files=None, mixin_verb=('build',), packages_above=None, packages_above_and_dependencies=None, packages_above_depth=None, packages_end=None, packages_ignore=None, packages_ignore_regex=None, packages_select=None, packages_select_build_failed=False, packages_select_by_dep=None, packages_select_regex=None, packages_select_test_failures=False, packages_skip=None, packages_skip_build_finished=False, packages_skip_by_dep=None, packages_skip_regex=None, packages_skip_test_passed=False, packages_skip_up_to=None, packages_start=None, packages_up_to=None, packages_up_to_regex=None, parallel_workers=8, paths=None, symlink_install=True, test_result_base=None, verb_extension=<colcon_core.verb.build.BuildVerb object at 0x7f80aa166940>, verb_name='build', verb_parser=<colcon_mixin.mixin.mixin_argument.MixinArgumentDecorator object at 0x7f80aa17f310>)
[4.143s] Level 1:colcon.colcon_core.package_discovery:discover_packages(colcon_meta) check parameters
[4.146s] Level 1:colcon.colcon_core.package_discovery:discover_packages(recursive) check parameters
[4.147s] Level 1:colcon.colcon_core.package_discovery:discover_packages(ignore) check parameters
[4.148s] Level 1:colcon.colcon_core.package_discovery:discover_packages(path) check parameters
[4.148s] Level 1:colcon.colcon_core.package_discovery:discover_packages(colcon_meta) discover
[4.149s] Level 1:colcon.colcon_core.package_discovery:discover_packages(recursive) discover
[4.149s] INFO:colcon.colcon_core.package_discovery:Crawling recursively for packages in '/home/cyril/dev_ws'
[4.150s] Level 1:colcon.colcon_core.package_identification:_identify(.) by extensions ['ignore', 'ignore_ament_install']
[4.153s] Level 1:colcon.colcon_core.package_identification:_identify(.) by extension 'ignore'
[4.155s] Level 1:colcon.colcon_core.package_identification:_identify(.) by extension 'ignore_ament_install'
[4.156s] Level 1:colcon.colcon_core.package_identification:_identify(.) by extensions ['colcon_pkg']
[4.157s] Level 1:colcon.colcon_core.package_identification:_identify(.) by extension 'colcon_pkg'
[4.157s] Level 1:colcon.colcon_core.package_identification:_identify(.) by extensions ['colcon_meta']
[4.157s] Level 1:colcon.colcon_core.package_identification:_identify(.) by extension 'colcon_meta'
[4.158s] Level 1:colcon.colcon_core.package_identification:_identify(.) by extensions ['ros']
[4.158s] Level 1:colcon.colcon_core.package_identification:_identify(.) by extension 'ros'
[4.307s] Level 1:colcon.colcon_core.package_identification:_identify(.) by extensions ['cmake', 'python']
[4.308s] Level 1:colcon.colcon_core.package_identification:_identify(.) by extension 'cmake'
[4.309s] Level 1:colcon.colcon_core.package_identification:_identify(.) by extension 'python'
[4.310s] Level 1:colcon.colcon_core.package_identification:_identify(.) by extensions ['python_setup_py']
[4.310s] Level 1:colcon.colcon_core.package_identification:_identify(.) by extension 'python_setup_py'
[4.312s] Level 1:colcon.colcon_core.package_identification:_identify(build) by extensions ['ignore', 'ignore_ament_install']
[4.313s] Level 1:colcon.colcon_core.package_identification:_identify(build) by extension 'ignore'
[4.315s] Level 1:colcon.colcon_core.package_identification:_identify(build) ignored
[4.318s] Level 1:colcon.colcon_core.package_identification:_identify(install) by extensions ['ignore', 'ignore_ament_install']
[4.320s] Level 1:colcon.colcon_core.package_identification:_identify(install) by extension 'ignore'
[4.321s] Level 1:colcon.colcon_core.package_identification:_identify(install) ignored
[4.323s] Level 1:colcon.colcon_core.package_identification:_identify(log) by extensions ['ignore', 'ignore_ament_install']
[4.324s] Level 1:colcon.colcon_core.package_identification:_identify(log) by extension 'ignore'
[4.326s] Level 1:colcon.colcon_core.package_identification:_identify(log) ignored
[4.328s] Level 1:colcon.colcon_core.package_identification:_identify(src) by extensions ['ignore', 'ignore_ament_install']
[4.329s] Level 1:colcon.colcon_core.package_identification:_identify(src) by extension 'ignore'
[4.330s] Level 1:colcon.colcon_core.package_identification:_identify(src) by extension 'ignore_ament_install'
[4.330s] Level 1:colcon.colcon_core.package_identification:_identify(src) by extensions ['colcon_pkg']
[4.331s] Level 1:colcon.colcon_core.package_identification:_identify(src) by extension 'colcon_pkg'
[4.331s] Level 1:colcon.colcon_core.package_identification:_identify(src) by extensions ['colcon_meta']
[4.332s] Level 1:colcon.colcon_core.package_identification:_identify(src) by extension 'colcon_meta'
[4.333s] Level 1:colcon.colcon_core.package_identification:_identify(src) by extensions ['ros']
[4.333s] Level 1:colcon.colcon_core.package_identification:_identify(src) by extension 'ros'
[4.334s] Level 1:colcon.colcon_core.package_identification:_identify(src) by extensions ['cmake', 'python']
[4.335s] Level 1:colcon.colcon_core.package_identification:_identify(src) by extension 'cmake'
[4.335s] Level 1:colcon.colcon_core.package_identification:_identify(src) by extension 'python'
[4.336s] Level 1:colcon.colcon_core.package_identification:_identify(src) by extensions ['python_setup_py']
[4.337s] Level 1:colcon.colcon_core.package_identification:_identify(src) by extension 'python_setup_py'
[4.340s] Level 1:colcon.colcon_core.package_identification:_identify(src/my_bot) by extensions ['ignore', 'ignore_ament_install']
[4.342s] Level 1:colcon.colcon_core.package_identification:_identify(src/my_bot) by extension 'ignore'
[4.344s] Level 1:colcon.colcon_core.package_identification:_identify(src/my_bot) by extension 'ignore_ament_install'
[4.346s] Level 1:colcon.colcon_core.package_identification:_identify(src/my_bot) by extensions ['colcon_pkg']
[4.347s] Level 1:colcon.colcon_core.package_identification:_identify(src/my_bot) by extension 'colcon_pkg'
[4.348s] Level 1:colcon.colcon_core.package_identification:_identify(src/my_bot) by extensions ['colcon_meta']
[4.348s] Level 1:colcon.colcon_core.package_identification:_identify(src/my_bot) by extension 'colcon_meta'
[4.349s] Level 1:colcon.colcon_core.package_identification:_identify(src/my_bot) by extensions ['ros']
[4.349s] Level 1:colcon.colcon_core.package_identification:_identify(src/my_bot) by extension 'ros'
[4.382s] DEBUG:colcon.colcon_core.package_identification:Package 'src/my_bot' with type 'ros.ament_cmake' and name 'my_bot'
[4.384s] Level 1:colcon.colcon_core.package_discovery:discover_packages(recursive) using defaults
[4.386s] Level 1:colcon.colcon_core.package_discovery:discover_packages(ignore) discover
[4.387s] Level 1:colcon.colcon_core.package_discovery:discover_packages(ignore) using defaults
[4.388s] Level 1:colcon.colcon_core.package_discovery:discover_packages(path) discover
[4.388s] Level 1:colcon.colcon_core.package_discovery:discover_packages(path) using defaults
[4.561s] Level 1:colcon.colcon_core.package_discovery:discover_packages(prefix_path) check parameters
[4.562s] Level 1:colcon.colcon_core.package_discovery:discover_packages(prefix_path) discover
[4.585s] DEBUG:colcon.colcon_installed_package_information.package_discovery:Found 1 installed packages in /home/cyril/dev_ws/install
[4.598s] DEBUG:colcon.colcon_installed_package_information.package_discovery:Found 304 installed packages in /opt/ros/foxy
[4.615s] Level 1:colcon.colcon_core.package_discovery:discover_packages(prefix_path) using defaults
[5.343s] Level 5:colcon.colcon_core.verb:set package 'my_bot' build argument 'cmake_args' from command line to 'None'
[5.344s] Level 5:colcon.colcon_core.verb:set package 'my_bot' build argument 'cmake_target' from command line to 'None'
[5.345s] Level 5:colcon.colcon_core.verb:set package 'my_bot' build argument 'cmake_target_skip_unavailable' from command line to 'False'
[5.346s] Level 5:colcon.colcon_core.verb:set package 'my_bot' build argument 'cmake_clean_cache' from command line to 'False'
[5.347s] Level 5:colcon.colcon_core.verb:set package 'my_bot' build argument 'cmake_clean_first' from command line to 'False'
[5.347s] Level 5:colcon.colcon_core.verb:set package 'my_bot' build argument 'cmake_force_configure' from command line to 'False'
[5.347s] Level 5:colcon.colcon_core.verb:set package 'my_bot' build argument 'ament_cmake_args' from command line to 'None'
[5.347s] Level 5:colcon.colcon_core.verb:set package 'my_bot' build argument 'catkin_cmake_args' from command line to 'None'
[5.348s] Level 5:colcon.colcon_core.verb:set package 'my_bot' build argument 'catkin_skip_building_tests' from command line to 'False'
[5.348s] DEBUG:colcon.colcon_core.verb:Building package 'my_bot' with the following arguments: {'ament_cmake_args': None, 'build_base': '/home/cyril/dev_ws/build/my_bot', 'catkin_cmake_args': None, 'catkin_skip_building_tests': False, 'cmake_args': None, 'cmake_clean_cache': False, 'cmake_clean_first': False, 'cmake_force_configure': False, 'cmake_target': None, 'cmake_target_skip_unavailable': False, 'install_base': '/home/cyril/dev_ws/install/my_bot', 'merge_install': False, 'path': '/home/cyril/dev_ws/src/my_bot', 'symlink_install': True, 'test_result_base': None}
[5.349s] INFO:colcon.colcon_core.executor:Executing jobs using 'parallel' executor
[5.360s] DEBUG:colcon.colcon_parallel_executor.executor.parallel:run_until_complete
[5.362s] INFO:colcon.colcon_ros.task.ament_cmake.build:Building ROS package in '/home/cyril/dev_ws/src/my_bot' with build type 'ament_cmake'
[5.363s] INFO:colcon.colcon_cmake.task.cmake.build:Building CMake package in '/home/cyril/dev_ws/src/my_bot'
[5.387s] INFO:colcon.colcon_core.plugin_system:Skipping extension 'colcon_core.shell.bat': Not used on non-Windows systems
[5.390s] INFO:colcon.colcon_core.shell:Skip shell extension 'powershell' for command environment: Not usable outside of PowerShell
[5.391s] DEBUG:colcon.colcon_core.shell:Skip shell extension 'dsv' for command environment
[5.517s] DEBUG:colcon.colcon_core.event_handler.log_command:Invoking command in '/home/cyril/dev_ws/build/my_bot': CMAKE_PREFIX_PATH=${CMAKE_PREFIX_PATH}:/opt/ros/foxy /usr/bin/cmake --build /home/cyril/dev_ws/build/my_bot -- -j8 -l8
[5.977s] DEBUG:colcon.colcon_core.event_handler.log_command:Invoked command in '/home/cyril/dev_ws/build/my_bot' returned '0': CMAKE_PREFIX_PATH=${CMAKE_PREFIX_PATH}:/opt/ros/foxy /usr/bin/cmake --build /home/cyril/dev_ws/build/my_bot -- -j8 -l8
[6.365s] DEBUG:colcon.colcon_core.event_handler.log_command:Invoking command in '/home/cyril/dev_ws/build/my_bot': CMAKE_PREFIX_PATH=${CMAKE_PREFIX_PATH}:/opt/ros/foxy /usr/bin/cmake --install /home/cyril/dev_ws/build/my_bot
[6.681s] Level 1:colcon.colcon_core.environment:create_environment_scripts_only(my_bot)
[6.690s] DEBUG:colcon.colcon_core.event_handler.log_command:Invoked command in '/home/cyril/dev_ws/build/my_bot' returned '0': CMAKE_PREFIX_PATH=${CMAKE_PREFIX_PATH}:/opt/ros/foxy /usr/bin/cmake --install /home/cyril/dev_ws/build/my_bot
[6.736s] Level 1:colcon.colcon_core.environment:checking '/home/cyril/dev_ws/install/my_bot' for CMake module files
[6.741s] Level 1:colcon.colcon_core.environment:checking '/home/cyril/dev_ws/install/my_bot' for CMake config files
[6.750s] Level 1:colcon.colcon_core.shell:create_environment_hook('my_bot', 'cmake_prefix_path')
[6.755s] INFO:colcon.colcon_core.shell:Creating environment hook '/home/cyril/dev_ws/install/my_bot/share/my_bot/hook/cmake_prefix_path.ps1'
[6.763s] INFO:colcon.colcon_core.shell:Creating environment descriptor '/home/cyril/dev_ws/install/my_bot/share/my_bot/hook/cmake_prefix_path.dsv'
[6.767s] INFO:colcon.colcon_core.shell:Creating environment hook '/home/cyril/dev_ws/install/my_bot/share/my_bot/hook/cmake_prefix_path.sh'
[6.785s] Level 1:colcon.colcon_core.environment:checking '/home/cyril/dev_ws/install/my_bot/bin'
[6.787s] Level 1:colcon.colcon_core.environment:checking '/home/cyril/dev_ws/install/my_bot/lib/pkgconfig/my_bot.pc'
[6.790s] Level 1:colcon.colcon_core.environment:checking '/home/cyril/dev_ws/install/my_bot/lib/python3.8/site-packages'
[6.792s] Level 1:colcon.colcon_core.environment:checking '/home/cyril/dev_ws/install/my_bot/bin'
[6.800s] INFO:colcon.colcon_core.shell:Creating package script '/home/cyril/dev_ws/install/my_bot/share/my_bot/package.ps1'
[6.811s] INFO:colcon.colcon_core.shell:Creating package descriptor '/home/cyril/dev_ws/install/my_bot/share/my_bot/package.dsv'
[6.822s] INFO:colcon.colcon_core.shell:Creating package script '/home/cyril/dev_ws/install/my_bot/share/my_bot/package.sh'
[6.835s] INFO:colcon.colcon_core.shell:Creating package script '/home/cyril/dev_ws/install/my_bot/share/my_bot/package.bash'
[6.846s] INFO:colcon.colcon_core.shell:Creating package script '/home/cyril/dev_ws/install/my_bot/share/my_bot/package.zsh'
[6.857s] Level 1:colcon.colcon_core.environment:create_file_with_runtime_dependencies(/home/cyril/dev_ws/install/my_bot/share/colcon-core/packages/my_bot)
[7.090s] Level 1:colcon.colcon_core.environment:create_environment_scripts_only(my_bot)
[7.097s] Level 1:colcon.colcon_core.environment:checking '/home/cyril/dev_ws/install/my_bot' for CMake module files
[7.109s] Level 1:colcon.colcon_core.environment:checking '/home/cyril/dev_ws/install/my_bot' for CMake config files
[7.121s] Level 1:colcon.colcon_core.shell:create_environment_hook('my_bot', 'cmake_prefix_path')
[7.123s] INFO:colcon.colcon_core.shell:Creating environment hook '/home/cyril/dev_ws/install/my_bot/share/my_bot/hook/cmake_prefix_path.ps1'
[7.132s] INFO:colcon.colcon_core.shell:Creating environment descriptor '/home/cyril/dev_ws/install/my_bot/share/my_bot/hook/cmake_prefix_path.dsv'
[7.137s] INFO:colcon.colcon_core.shell:Creating environment hook '/home/cyril/dev_ws/install/my_bot/share/my_bot/hook/cmake_prefix_path.sh'
[7.144s] Level 1:colcon.colcon_core.environment:checking '/home/cyril/dev_ws/install/my_bot/bin'
[7.145s] Level 1:colcon.colcon_core.environment:checking '/home/cyril/dev_ws/install/my_bot/lib/pkgconfig/my_bot.pc'
[7.147s] Level 1:colcon.colcon_core.environment:checking '/home/cyril/dev_ws/install/my_bot/lib/python3.8/site-packages'
[7.149s] Level 1:colcon.colcon_core.environment:checking '/home/cyril/dev_ws/install/my_bot/bin'
[7.152s] INFO:colcon.colcon_core.shell:Creating package script '/home/cyril/dev_ws/install/my_bot/share/my_bot/package.ps1'
[7.160s] INFO:colcon.colcon_core.shell:Creating package descriptor '/home/cyril/dev_ws/install/my_bot/share/my_bot/package.dsv'
[7.168s] INFO:colcon.colcon_core.shell:Creating package script '/home/cyril/dev_ws/install/my_bot/share/my_bot/package.sh'
[7.176s] INFO:colcon.colcon_core.shell:Creating package script '/home/cyril/dev_ws/install/my_bot/share/my_bot/package.bash'
[7.180s] INFO:colcon.colcon_core.shell:Creating package script '/home/cyril/dev_ws/install/my_bot/share/my_bot/package.zsh'
[7.183s] Level 1:colcon.colcon_core.environment:create_file_with_runtime_dependencies(/home/cyril/dev_ws/install/my_bot/share/colcon-core/packages/my_bot)
[7.187s] DEBUG:colcon.colcon_parallel_executor.executor.parallel:closing loop
[7.192s] DEBUG:colcon.colcon_parallel_executor.executor.parallel:loop closed
[7.193s] DEBUG:colcon.colcon_parallel_executor.executor.parallel:run_until_complete finished with '0'
[7.194s] DEBUG:colcon.colcon_core.event_reactor:joining thread
[7.282s] INFO:colcon.colcon_core.plugin_system:Skipping extension 'colcon_notification.desktop_notification.terminal_notifier': Not used on non-Darwin systems
[7.284s] INFO:colcon.colcon_core.plugin_system:Skipping extension 'colcon_notification.desktop_notification.win32': Not used on non-Windows systems
[7.285s] INFO:colcon.colcon_notification.desktop_notification:Sending desktop notification using 'notify2'
[7.461s] DEBUG:colcon.colcon_core.event_reactor:joined thread
[7.466s] INFO:colcon.colcon_core.shell:Creating prefix script '/home/cyril/dev_ws/install/local_setup.ps1'
[7.477s] INFO:colcon.colcon_core.shell:Creating prefix util module '/home/cyril/dev_ws/install/_local_setup_util_ps1.py'
[7.494s] INFO:colcon.colcon_core.shell:Creating prefix chain script '/home/cyril/dev_ws/install/setup.ps1'
[7.506s] INFO:colcon.colcon_core.shell:Creating prefix script '/home/cyril/dev_ws/install/local_setup.sh'
[7.513s] INFO:colcon.colcon_core.shell:Creating prefix util module '/home/cyril/dev_ws/install/_local_setup_util_sh.py'
[7.522s] INFO:colcon.colcon_core.shell:Creating prefix chain script '/home/cyril/dev_ws/install/setup.sh'
[7.536s] INFO:colcon.colcon_core.shell:Creating prefix script '/home/cyril/dev_ws/install/local_setup.bash'
[7.544s] INFO:colcon.colcon_core.shell:Creating prefix chain script '/home/cyril/dev_ws/install/setup.bash'
[7.556s] INFO:colcon.colcon_core.shell:Creating prefix script '/home/cyril/dev_ws/install/local_setup.zsh'
[7.561s] INFO:colcon.colcon_core.shell:Creating prefix chain script '/home/cyril/dev_ws/install/setup.zsh'
