[0.016s] Invoking command in '/home/cyril/dev_ws/build/my_bot': CMAKE_PREFIX_PATH=/opt/ros/foxy /usr/bin/cmake /home/cyril/dev_ws/src/my_bot -DAMENT_CMAKE_SYMLINK_INSTALL=1 -DCMAKE_INSTALL_PREFIX=/home/cyril/dev_ws/install/my_bot
[0.044s] -- Found ament_cmake: 0.9.12 (/opt/ros/foxy/share/ament_cmake/cmake)
[0.064s] -- Using PYTHON_EXECUTABLE: /usr/bin/python3
[0.256s] -- Override CMake install command with custom implementation using symlinks instead of copying resources
[0.288s] -- Found ament_lint_auto: 0.9.8 (/opt/ros/foxy/share/ament_lint_auto/cmake)
[0.413s] -- Added test 'copyright' to check source files copyright and LICENSE
[0.449s] -- Added test 'flake8' to check Python code syntax and style conventions
[0.454s] -- Added test 'lint_cmake' to check CMake code style
[0.458s] -- Added test 'pep257' to check Python code against some of the style conventions in PEP 257
[0.476s] -- Added test 'xmllint' to check XML markup files
[0.483s] -- Configuring done
[0.489s] -- Generating done
[0.492s] -- Build files have been written to: /home/cyril/dev_ws/build/my_bot
[0.500s] Invoked command in '/home/cyril/dev_ws/build/my_bot' returned '0': CMAKE_PREFIX_PATH=/opt/ros/foxy /usr/bin/cmake /home/cyril/dev_ws/src/my_bot -DAMENT_CMAKE_SYMLINK_INSTALL=1 -DCMAKE_INSTALL_PREFIX=/home/cyril/dev_ws/install/my_bot
[0.507s] Invoking command in '/home/cyril/dev_ws/build/my_bot': CMAKE_PREFIX_PATH=/opt/ros/foxy /usr/bin/cmake --build /home/cyril/dev_ws/build/my_bot -- -j8 -l8
[0.568s] Invoked command in '/home/cyril/dev_ws/build/my_bot' returned '0': CMAKE_PREFIX_PATH=/opt/ros/foxy /usr/bin/cmake --build /home/cyril/dev_ws/build/my_bot -- -j8 -l8
[0.615s] Invoking command in '/home/cyril/dev_ws/build/my_bot': CMAKE_PREFIX_PATH=/opt/ros/foxy /usr/bin/cmake --install /home/cyril/dev_ws/build/my_bot
[0.627s] -- Install configuration: ""
[0.628s] -- Execute custom install script
[0.629s] -- Symlinking: /home/cyril/dev_ws/install/my_bot/share/my_bot/config/drive_bot.rviz
[0.645s] -- Symlinking: /home/cyril/dev_ws/install/my_bot/share/my_bot/config/empty.yaml
[0.659s] -- Symlinking: /home/cyril/dev_ws/install/my_bot/share/my_bot/config/mapper_params_online_async.yaml
[0.671s] -- Symlinking: /home/cyril/dev_ws/install/my_bot/share/my_bot/config/obstacle/model.config
[0.682s] -- Symlinking: /home/cyril/dev_ws/install/my_bot/share/my_bot/config/obstacle/model.sdf
[0.692s] -- Symlinking: /home/cyril/dev_ws/install/my_bot/share/my_bot/config/view_bot.rviz
[0.703s] -- Symlinking: /home/cyril/dev_ws/install/my_bot/share/my_bot/description/gazebo_control.xacro
[0.714s] -- Symlinking: /home/cyril/dev_ws/install/my_bot/share/my_bot/description/inertial_macros.xacro
[0.724s] -- Symlinking: /home/cyril/dev_ws/install/my_bot/share/my_bot/description/lidar.xacro
[0.738s] -- Symlinking: /home/cyril/dev_ws/install/my_bot/share/my_bot/description/robot.urdf.xacro
[0.750s] -- Symlinking: /home/cyril/dev_ws/install/my_bot/share/my_bot/description/robot_core.xacro
[0.762s] -- Symlinking: /home/cyril/dev_ws/install/my_bot/share/my_bot/launch/launch_sim.launch.py
[0.775s] -- Symlinking: /home/cyril/dev_ws/install/my_bot/share/my_bot/launch/online_async_launch.py
[0.786s] -- Symlinking: /home/cyril/dev_ws/install/my_bot/share/my_bot/launch/rsp.launch.py
[0.797s] -- Symlinking: /home/cyril/dev_ws/install/my_bot/share/my_bot/worlds/empty.world
[0.808s] -- Symlinking: /home/cyril/dev_ws/install/my_bot/share/my_bot/worlds/my_theme.world
[0.819s] -- Symlinking: /home/cyril/dev_ws/install/my_bot/share/ament_index/resource_index/package_run_dependencies/my_bot
[0.834s] -- Symlinking: /home/cyril/dev_ws/install/my_bot/share/ament_index/resource_index/parent_prefix_path/my_bot
[0.847s] -- Symlinking: /home/cyril/dev_ws/install/my_bot/share/my_bot/environment/ament_prefix_path.sh
[0.858s] -- Symlinking: /home/cyril/dev_ws/install/my_bot/share/my_bot/environment/ament_prefix_path.dsv
[0.869s] -- Symlinking: /home/cyril/dev_ws/install/my_bot/share/my_bot/environment/path.sh
[0.879s] -- Symlinking: /home/cyril/dev_ws/install/my_bot/share/my_bot/environment/path.dsv
[0.893s] -- Symlinking: /home/cyril/dev_ws/install/my_bot/share/my_bot/local_setup.bash
[0.906s] -- Symlinking: /home/cyril/dev_ws/install/my_bot/share/my_bot/local_setup.sh
[0.917s] -- Symlinking: /home/cyril/dev_ws/install/my_bot/share/my_bot/local_setup.zsh
[0.927s] -- Symlinking: /home/cyril/dev_ws/install/my_bot/share/my_bot/local_setup.dsv
[0.944s] -- Symlinking: /home/cyril/dev_ws/install/my_bot/share/my_bot/package.dsv
[0.955s] -- Symlinking: /home/cyril/dev_ws/install/my_bot/share/ament_index/resource_index/packages/my_bot
[0.966s] -- Symlinking: /home/cyril/dev_ws/install/my_bot/share/my_bot/cmake/my_botConfig.cmake
[0.976s] -- Symlinking: /home/cyril/dev_ws/install/my_bot/share/my_bot/cmake/my_botConfig-version.cmake
[0.987s] -- Symlinking: /home/cyril/dev_ws/install/my_bot/share/my_bot/package.xml
[1.000s] Invoked command in '/home/cyril/dev_ws/build/my_bot' returned '0': CMAKE_PREFIX_PATH=/opt/ros/foxy /usr/bin/cmake --install /home/cyril/dev_ws/build/my_bot
