[0.020s] Invoking command in '/home/cyril/dev_ws/build/my_bot': CMAKE_PREFIX_PATH=${CMAKE_PREFIX_PATH}:/opt/ros/foxy /usr/bin/cmake /home/cyril/dev_ws/src/my_bot -DAMENT_CMAKE_SYMLINK_INSTALL=1 -DCMAKE_INSTALL_PREFIX=/home/cyril/dev_ws/install/my_bot
[0.263s] -- Found ament_cmake: 0.9.12 (/opt/ros/foxy/share/ament_cmake/cmake)
[0.327s] -- Using PYTHON_EXECUTABLE: /usr/bin/python3
[0.548s] -- Override CMake install command with custom implementation using symlinks instead of copying resources
[0.626s] -- Found ament_lint_auto: 0.9.8 (/opt/ros/foxy/share/ament_lint_auto/cmake)
[0.772s] -- Added test 'copyright' to check source files copyright and LICENSE
[0.816s] -- Added test 'flake8' to check Python code syntax and style conventions
[0.819s] -- Added test 'lint_cmake' to check CMake code style
[0.821s] -- Added test 'pep257' to check Python code against some of the style conventions in PEP 257
[0.830s] -- Added test 'xmllint' to check XML markup files
[0.835s] -- Configuring done
[0.851s] -- Generating done
[0.852s] -- Build files have been written to: /home/cyril/dev_ws/build/my_bot
[0.855s] Invoked command in '/home/cyril/dev_ws/build/my_bot' returned '0': CMAKE_PREFIX_PATH=${CMAKE_PREFIX_PATH}:/opt/ros/foxy /usr/bin/cmake /home/cyril/dev_ws/src/my_bot -DAMENT_CMAKE_SYMLINK_INSTALL=1 -DCMAKE_INSTALL_PREFIX=/home/cyril/dev_ws/install/my_bot
[0.858s] Invoking command in '/home/cyril/dev_ws/build/my_bot': CMAKE_PREFIX_PATH=${CMAKE_PREFIX_PATH}:/opt/ros/foxy /usr/bin/cmake --build /home/cyril/dev_ws/build/my_bot -- -j8 -l8
[0.939s] Invoked command in '/home/cyril/dev_ws/build/my_bot' returned '0': CMAKE_PREFIX_PATH=${CMAKE_PREFIX_PATH}:/opt/ros/foxy /usr/bin/cmake --build /home/cyril/dev_ws/build/my_bot -- -j8 -l8
[0.976s] Invoking command in '/home/cyril/dev_ws/build/my_bot': CMAKE_PREFIX_PATH=${CMAKE_PREFIX_PATH}:/opt/ros/foxy /usr/bin/cmake --install /home/cyril/dev_ws/build/my_bot
[0.984s] -- Install configuration: ""
[0.985s] -- Execute custom install script
[0.985s] -- Symlinking: /home/cyril/dev_ws/install/my_bot/share/my_bot/config/drive_bot.rviz
[0.995s] -- Symlinking: /home/cyril/dev_ws/install/my_bot/share/my_bot/config/empty.yaml
[1.005s] -- Symlinking: /home/cyril/dev_ws/install/my_bot/share/my_bot/config/mapper_params_online_async.yaml
[1.016s] -- Symlinking: /home/cyril/dev_ws/install/my_bot/share/my_bot/config/my_rv.rviz
[1.026s] -- Symlinking: /home/cyril/dev_ws/install/my_bot/share/my_bot/config/nav2_params.yaml
[1.036s] -- Symlinking: /home/cyril/dev_ws/install/my_bot/share/my_bot/config/obstacle/model.config
[1.046s] -- Symlinking: /home/cyril/dev_ws/install/my_bot/share/my_bot/config/obstacle/model.sdf
[1.056s] -- Symlinking: /home/cyril/dev_ws/install/my_bot/share/my_bot/config/view_bot.rviz
[1.067s] -- Symlinking: /home/cyril/dev_ws/install/my_bot/share/my_bot/description/gazebo_control.xacro
[1.077s] -- Symlinking: /home/cyril/dev_ws/install/my_bot/share/my_bot/description/inertial_macros.xacro
[1.087s] -- Symlinking: /home/cyril/dev_ws/install/my_bot/share/my_bot/description/lidar.xacro
[1.097s] -- Symlinking: /home/cyril/dev_ws/install/my_bot/share/my_bot/description/robot.urdf.xacro
[1.106s] -- Symlinking: /home/cyril/dev_ws/install/my_bot/share/my_bot/description/robot_core.xacro
[1.116s] -- Symlinking: /home/cyril/dev_ws/install/my_bot/share/my_bot/launch/gazebo.launch.py
[1.126s] -- Symlinking: /home/cyril/dev_ws/install/my_bot/share/my_bot/launch/mapping.launch.py
[1.136s] -- Symlinking: /home/cyril/dev_ws/install/my_bot/share/my_bot/launch/my_main.launch.py
[1.146s] -- Symlinking: /home/cyril/dev_ws/install/my_bot/share/my_bot/launch/navigation.launch.py
[1.156s] -- Symlinking: /home/cyril/dev_ws/install/my_bot/share/my_bot/launch/rsp.launch.py
[1.166s] -- Symlinking: /home/cyril/dev_ws/install/my_bot/share/my_bot/launch/rviz.launch.py
[1.176s] -- Symlinking: /home/cyril/dev_ws/install/my_bot/share/my_bot/worlds/empty.world
[1.185s] -- Symlinking: /home/cyril/dev_ws/install/my_bot/share/my_bot/worlds/my_theme.world
[1.195s] -- Symlinking: /home/cyril/dev_ws/install/my_bot/share/ament_index/resource_index/package_run_dependencies/my_bot
[1.205s] -- Symlinking: /home/cyril/dev_ws/install/my_bot/share/ament_index/resource_index/parent_prefix_path/my_bot
[1.215s] -- Symlinking: /home/cyril/dev_ws/install/my_bot/share/my_bot/environment/ament_prefix_path.sh
[1.225s] -- Symlinking: /home/cyril/dev_ws/install/my_bot/share/my_bot/environment/ament_prefix_path.dsv
[1.235s] -- Symlinking: /home/cyril/dev_ws/install/my_bot/share/my_bot/environment/path.sh
[1.246s] -- Symlinking: /home/cyril/dev_ws/install/my_bot/share/my_bot/environment/path.dsv
[1.256s] -- Symlinking: /home/cyril/dev_ws/install/my_bot/share/my_bot/local_setup.bash
[1.267s] -- Symlinking: /home/cyril/dev_ws/install/my_bot/share/my_bot/local_setup.sh
[1.277s] -- Symlinking: /home/cyril/dev_ws/install/my_bot/share/my_bot/local_setup.zsh
[1.287s] -- Symlinking: /home/cyril/dev_ws/install/my_bot/share/my_bot/local_setup.dsv
[1.297s] -- Symlinking: /home/cyril/dev_ws/install/my_bot/share/my_bot/package.dsv
[1.307s] -- Symlinking: /home/cyril/dev_ws/install/my_bot/share/ament_index/resource_index/packages/my_bot
[1.317s] -- Symlinking: /home/cyril/dev_ws/install/my_bot/share/my_bot/cmake/my_botConfig.cmake
[1.326s] -- Symlinking: /home/cyril/dev_ws/install/my_bot/share/my_bot/cmake/my_botConfig-version.cmake
[1.337s] -- Symlinking: /home/cyril/dev_ws/install/my_bot/share/my_bot/package.xml
[1.350s] Invoked command in '/home/cyril/dev_ws/build/my_bot' returned '0': CMAKE_PREFIX_PATH=${CMAKE_PREFIX_PATH}:/opt/ros/foxy /usr/bin/cmake --install /home/cyril/dev_ws/build/my_bot
