[0.034s] Invoking command in '/home/cyril/dev_ws/build/my_bot': /usr/bin/cmake --build /home/cyril/dev_ws/build/my_bot -- -j8 -l8
[0.483s] Invoked command in '/home/cyril/dev_ws/build/my_bot' returned '0': /usr/bin/cmake --build /home/cyril/dev_ws/build/my_bot -- -j8 -l8
[0.527s] Invoking command in '/home/cyril/dev_ws/build/my_bot': /usr/bin/cmake --install /home/cyril/dev_ws/build/my_bot
[0.544s] -- Install configuration: ""
[0.546s] -- Execute custom install script
[0.553s] -- Up-to-date symlink: /home/cyril/dev_ws/install/my_bot/share/my_bot/config/empty.yaml
[0.553s] -- Up-to-date symlink: /home/cyril/dev_ws/install/my_bot/share/my_bot/config/view_bot.rviz
[0.555s] -- Up-to-date symlink: /home/cyril/dev_ws/install/my_bot/share/my_bot/description/gazebo_control.xacro
[0.556s] -- Up-to-date symlink: /home/cyril/dev_ws/install/my_bot/share/my_bot/description/inertial_macros.xacro
[0.556s] -- Up-to-date symlink: /home/cyril/dev_ws/install/my_bot/share/my_bot/description/robot.urdf.xacro
[0.557s] -- Up-to-date symlink: /home/cyril/dev_ws/install/my_bot/share/my_bot/description/robot_core.xacro
[0.559s] -- Up-to-date symlink: /home/cyril/dev_ws/install/my_bot/share/my_bot/launch/launch_sim.launch.py
[0.559s] -- Up-to-date symlink: /home/cyril/dev_ws/install/my_bot/share/my_bot/launch/rsp.launch.py
[0.561s] -- Up-to-date symlink: /home/cyril/dev_ws/install/my_bot/share/my_bot/worlds/empty.world
[0.564s] -- Up-to-date symlink: /home/cyril/dev_ws/install/my_bot/share/ament_index/resource_index/package_run_dependencies/my_bot
[0.568s] -- Up-to-date symlink: /home/cyril/dev_ws/install/my_bot/share/ament_index/resource_index/parent_prefix_path/my_bot
[0.572s] -- Up-to-date symlink: /home/cyril/dev_ws/install/my_bot/share/my_bot/environment/ament_prefix_path.sh
[0.574s] -- Up-to-date symlink: /home/cyril/dev_ws/install/my_bot/share/my_bot/environment/ament_prefix_path.dsv
[0.575s] -- Up-to-date symlink: /home/cyril/dev_ws/install/my_bot/share/my_bot/environment/path.sh
[0.577s] -- Up-to-date symlink: /home/cyril/dev_ws/install/my_bot/share/my_bot/environment/path.dsv
[0.578s] -- Up-to-date symlink: /home/cyril/dev_ws/install/my_bot/share/my_bot/local_setup.bash
[0.580s] -- Up-to-date symlink: /home/cyril/dev_ws/install/my_bot/share/my_bot/local_setup.sh
[0.581s] -- Up-to-date symlink: /home/cyril/dev_ws/install/my_bot/share/my_bot/local_setup.zsh
[0.582s] -- Up-to-date symlink: /home/cyril/dev_ws/install/my_bot/share/my_bot/local_setup.dsv
[0.583s] -- Symlinking: /home/cyril/dev_ws/install/my_bot/share/my_bot/package.dsv
[0.617s] -- Up-to-date symlink: /home/cyril/dev_ws/install/my_bot/share/ament_index/resource_index/packages/my_bot
[0.618s] -- Up-to-date symlink: /home/cyril/dev_ws/install/my_bot/share/my_bot/cmake/my_botConfig.cmake
[0.619s] -- Up-to-date symlink: /home/cyril/dev_ws/install/my_bot/share/my_bot/cmake/my_botConfig-version.cmake
[0.620s] -- Up-to-date symlink: /home/cyril/dev_ws/install/my_bot/share/my_bot/package.xml
[0.625s] Invoked command in '/home/cyril/dev_ws/build/my_bot' returned '0': /usr/bin/cmake --install /home/cyril/dev_ws/build/my_bot
