[0.025s] Invoking command in '/home/cyril/dev_ws/build/my_bot': CMAKE_PREFIX_PATH=/opt/ros/foxy /usr/bin/cmake /home/cyril/dev_ws/src/my_bot -DAMENT_CMAKE_SYMLINK_INSTALL=1 -DCMAKE_INSTALL_PREFIX=/home/cyril/dev_ws/install/my_bot
[1.394s] -- The C compiler identification is GNU 9.4.0
[2.277s] -- The CXX compiler identification is GNU 9.4.0
[2.305s] -- Check for working C compiler: /usr/bin/cc
[2.453s] -- Check for working C compiler: /usr/bin/cc -- works
[2.458s] -- Detecting C compiler ABI info
[2.559s] -- Detecting C compiler ABI info - done
[2.581s] -- Detecting C compile features
[2.582s] -- Detecting C compile features - done
[2.589s] -- Check for working CXX compiler: /usr/bin/c++
[2.695s] -- Check for working CXX compiler: /usr/bin/c++ -- works
[2.697s] -- Detecting CXX compiler ABI info
[2.811s] -- Detecting CXX compiler ABI info - done
[2.825s] -- Detecting CXX compile features
[2.826s] -- Detecting CXX compile features - done
[2.841s] -- Found ament_cmake: 0.9.12 (/opt/ros/foxy/share/ament_cmake/cmake)
[2.910s] -- Found PythonInterp: /usr/bin/python3 (found suitable version "3.8.10", minimum required is "3") 
[2.911s] -- Using PYTHON_EXECUTABLE: /usr/bin/python3
[3.115s] -- Override CMake install command with custom implementation using symlinks instead of copying resources
[3.206s] -- Found ament_lint_auto: 0.9.8 (/opt/ros/foxy/share/ament_lint_auto/cmake)
[3.385s] -- Added test 'copyright' to check source files copyright and LICENSE
[3.414s] -- Added test 'flake8' to check Python code syntax and style conventions
[3.417s] -- Added test 'lint_cmake' to check CMake code style
[3.419s] -- Added test 'pep257' to check Python code against some of the style conventions in PEP 257
[3.429s] -- Added test 'xmllint' to check XML markup files
[3.437s] -- Configuring done
[3.441s] -- Generating done
[3.442s] -- Build files have been written to: /home/cyril/dev_ws/build/my_bot
[3.448s] Invoked command in '/home/cyril/dev_ws/build/my_bot' returned '0': CMAKE_PREFIX_PATH=/opt/ros/foxy /usr/bin/cmake /home/cyril/dev_ws/src/my_bot -DAMENT_CMAKE_SYMLINK_INSTALL=1 -DCMAKE_INSTALL_PREFIX=/home/cyril/dev_ws/install/my_bot
[3.453s] Invoking command in '/home/cyril/dev_ws/build/my_bot': CMAKE_PREFIX_PATH=/opt/ros/foxy /usr/bin/cmake --build /home/cyril/dev_ws/build/my_bot -- -j8 -l8
[3.509s] Invoked command in '/home/cyril/dev_ws/build/my_bot' returned '0': CMAKE_PREFIX_PATH=/opt/ros/foxy /usr/bin/cmake --build /home/cyril/dev_ws/build/my_bot -- -j8 -l8
[3.555s] Invoking command in '/home/cyril/dev_ws/build/my_bot': CMAKE_PREFIX_PATH=/opt/ros/foxy /usr/bin/cmake --install /home/cyril/dev_ws/build/my_bot
[3.568s] -- Install configuration: ""
[3.569s] -- Execute custom install script
[3.570s] -- Symlinking: /home/cyril/dev_ws/install/my_bot/share/my_bot/config/empty.yaml
[3.584s] -- Symlinking: /home/cyril/dev_ws/install/my_bot/share/my_bot/description/robot.urdf.xacro
[3.597s] -- Symlinking: /home/cyril/dev_ws/install/my_bot/share/my_bot/launch/rsp.launch.py
[3.610s] -- Symlinking: /home/cyril/dev_ws/install/my_bot/share/my_bot/worlds/empty.world
[3.621s] -- Symlinking: /home/cyril/dev_ws/install/my_bot/share/ament_index/resource_index/package_run_dependencies/my_bot
[3.632s] -- Symlinking: /home/cyril/dev_ws/install/my_bot/share/ament_index/resource_index/parent_prefix_path/my_bot
[3.643s] -- Symlinking: /home/cyril/dev_ws/install/my_bot/share/my_bot/environment/ament_prefix_path.sh
[3.657s] -- Symlinking: /home/cyril/dev_ws/install/my_bot/share/my_bot/environment/ament_prefix_path.dsv
[3.668s] -- Symlinking: /home/cyril/dev_ws/install/my_bot/share/my_bot/environment/path.sh
[3.679s] -- Symlinking: /home/cyril/dev_ws/install/my_bot/share/my_bot/environment/path.dsv
[3.689s] -- Symlinking: /home/cyril/dev_ws/install/my_bot/share/my_bot/local_setup.bash
[3.699s] -- Symlinking: /home/cyril/dev_ws/install/my_bot/share/my_bot/local_setup.sh
[3.709s] -- Symlinking: /home/cyril/dev_ws/install/my_bot/share/my_bot/local_setup.zsh
[3.720s] -- Symlinking: /home/cyril/dev_ws/install/my_bot/share/my_bot/local_setup.dsv
[3.730s] -- Symlinking: /home/cyril/dev_ws/install/my_bot/share/my_bot/package.dsv
[3.742s] -- Symlinking: /home/cyril/dev_ws/install/my_bot/share/ament_index/resource_index/packages/my_bot
[3.756s] -- Symlinking: /home/cyril/dev_ws/install/my_bot/share/my_bot/cmake/my_botConfig.cmake
[3.768s] -- Symlinking: /home/cyril/dev_ws/install/my_bot/share/my_bot/cmake/my_botConfig-version.cmake
[3.780s] -- Symlinking: /home/cyril/dev_ws/install/my_bot/share/my_bot/package.xml
[3.797s] Invoked command in '/home/cyril/dev_ws/build/my_bot' returned '0': CMAKE_PREFIX_PATH=/opt/ros/foxy /usr/bin/cmake --install /home/cyril/dev_ws/build/my_bot
