-- The C compiler identification is GNU 9.4.0
-- The CXX compiler identification is GNU 9.4.0
-- Check for working C compiler: /usr/bin/cc
-- Check for working C compiler: /usr/bin/cc -- works
-- Detecting C compiler ABI info
-- Detecting C compiler ABI info - done
-- Detecting C compile features
-- Detecting C compile features - done
-- Check for working CXX compiler: /usr/bin/c++
-- Check for working CXX compiler: /usr/bin/c++ -- works
-- Detecting CXX compiler ABI info
-- Detecting CXX compiler ABI info - done
-- Detecting CXX compile features
-- Detecting CXX compile features - done
-- Found ament_cmake: 0.9.12 (/opt/ros/foxy/share/ament_cmake/cmake)
-- Found PythonInterp: /usr/bin/python3 (found suitable version "3.8.10", minimum required is "3") 
-- Using PYTHON_EXECUTABLE: /usr/bin/python3
-- Found ament_lint_auto: 0.9.8 (/opt/ros/foxy/share/ament_lint_auto/cmake)
-- Added test 'copyright' to check source files copyright and LICENSE
-- Added test 'flake8' to check Python code syntax and style conventions
-- Added test 'lint_cmake' to check CMake code style
-- Added test 'pep257' to check Python code against some of the style conventions in PEP 257
-- Added test 'xmllint' to check XML markup files
-- Configuring done
-- Generating done
-- Build files have been written to: /home/cyril/dev_ws/build/my_bot
-- Install configuration: ""
-- Installing: /home/cyril/dev_ws/install/my_bot/share/my_bot/config
-- Installing: /home/cyril/dev_ws/install/my_bot/share/my_bot/config/view_bot.rviz
-- Installing: /home/cyril/dev_ws/install/my_bot/share/my_bot/config/my_rv.rviz
-- Installing: /home/cyril/dev_ws/install/my_bot/share/my_bot/config/empty.yaml
-- Installing: /home/cyril/dev_ws/install/my_bot/share/my_bot/config/obstacle
-- Installing: /home/cyril/dev_ws/install/my_bot/share/my_bot/config/obstacle/model.sdf
-- Installing: /home/cyril/dev_ws/install/my_bot/share/my_bot/config/obstacle/model.config
-- Installing: /home/cyril/dev_ws/install/my_bot/share/my_bot/config/mapper_params_online_async.yaml
-- Installing: /home/cyril/dev_ws/install/my_bot/share/my_bot/config/nav2_params.yaml
-- Installing: /home/cyril/dev_ws/install/my_bot/share/my_bot/config/drive_bot.rviz
-- Installing: /home/cyril/dev_ws/install/my_bot/share/my_bot/description
-- Installing: /home/cyril/dev_ws/install/my_bot/share/my_bot/description/robot_core.xacro
-- Installing: /home/cyril/dev_ws/install/my_bot/share/my_bot/description/gazebo_control.xacro
-- Installing: /home/cyril/dev_ws/install/my_bot/share/my_bot/description/robot.urdf.xacro
-- Installing: /home/cyril/dev_ws/install/my_bot/share/my_bot/description/lidar.xacro
-- Installing: /home/cyril/dev_ws/install/my_bot/share/my_bot/description/inertial_macros.xacro
-- Installing: /home/cyril/dev_ws/install/my_bot/share/my_bot/launch
-- Installing: /home/cyril/dev_ws/install/my_bot/share/my_bot/launch/mapping.launch.py
-- Installing: /home/cyril/dev_ws/install/my_bot/share/my_bot/launch/gazebo.launch.py
-- Installing: /home/cyril/dev_ws/install/my_bot/share/my_bot/launch/navigation.launch.py
-- Installing: /home/cyril/dev_ws/install/my_bot/share/my_bot/launch/my_main.launch.py
-- Installing: /home/cyril/dev_ws/install/my_bot/share/my_bot/launch/rviz.launch.py
-- Installing: /home/cyril/dev_ws/install/my_bot/share/my_bot/launch/rsp.launch.py
-- Installing: /home/cyril/dev_ws/install/my_bot/share/my_bot/worlds
-- Installing: /home/cyril/dev_ws/install/my_bot/share/my_bot/worlds/my_theme.world
-- Installing: /home/cyril/dev_ws/install/my_bot/share/my_bot/worlds/empty.world
-- Installing: /home/cyril/dev_ws/install/my_bot/share/ament_index/resource_index/package_run_dependencies/my_bot
-- Installing: /home/cyril/dev_ws/install/my_bot/share/ament_index/resource_index/parent_prefix_path/my_bot
-- Installing: /home/cyril/dev_ws/install/my_bot/share/my_bot/environment/ament_prefix_path.sh
-- Installing: /home/cyril/dev_ws/install/my_bot/share/my_bot/environment/ament_prefix_path.dsv
-- Installing: /home/cyril/dev_ws/install/my_bot/share/my_bot/environment/path.sh
-- Installing: /home/cyril/dev_ws/install/my_bot/share/my_bot/environment/path.dsv
-- Installing: /home/cyril/dev_ws/install/my_bot/share/my_bot/local_setup.bash
-- Installing: /home/cyril/dev_ws/install/my_bot/share/my_bot/local_setup.sh
-- Installing: /home/cyril/dev_ws/install/my_bot/share/my_bot/local_setup.zsh
-- Installing: /home/cyril/dev_ws/install/my_bot/share/my_bot/local_setup.dsv
-- Installing: /home/cyril/dev_ws/install/my_bot/share/my_bot/package.dsv
-- Installing: /home/cyril/dev_ws/install/my_bot/share/ament_index/resource_index/packages/my_bot
-- Installing: /home/cyril/dev_ws/install/my_bot/share/my_bot/cmake/my_botConfig.cmake
-- Installing: /home/cyril/dev_ws/install/my_bot/share/my_bot/cmake/my_botConfig-version.cmake
-- Installing: /home/cyril/dev_ws/install/my_bot/share/my_bot/package.xml
