[0.025s] Invoking command in '/home/cyril/dev_ws/build/my_bot': CMAKE_PREFIX_PATH=${CMAKE_PREFIX_PATH}:/opt/ros/foxy /usr/bin/cmake /home/cyril/dev_ws/src/my_bot -DCMAKE_INSTALL_PREFIX=/home/cyril/dev_ws/install/my_bot
[1.313s] -- The C compiler identification is GNU 9.4.0
[2.196s] -- The CXX compiler identification is GNU 9.4.0
[2.217s] -- Check for working C compiler: /usr/bin/cc
[2.336s] -- Check for working C compiler: /usr/bin/cc -- works
[2.340s] -- Detecting C compiler ABI info
[2.453s] -- Detecting C compiler ABI info - done
[2.471s] -- Detecting C compile features
[2.472s] -- Detecting C compile features - done
[2.478s] -- Check for working CXX compiler: /usr/bin/c++
[2.587s] -- Check for working CXX compiler: /usr/bin/c++ -- works
[2.589s] -- Detecting CXX compiler ABI info
[2.725s] -- Detecting CXX compiler ABI info - done
[2.740s] -- Detecting CXX compile features
[2.740s] -- Detecting CXX compile features - done
[2.758s] -- Found ament_cmake: 0.9.12 (/opt/ros/foxy/share/ament_cmake/cmake)
[2.840s] -- Found PythonInterp: /usr/bin/python3 (found suitable version "3.8.10", minimum required is "3") 
[2.840s] -- Using PYTHON_EXECUTABLE: /usr/bin/python3
[3.140s] -- Found ament_lint_auto: 0.9.8 (/opt/ros/foxy/share/ament_lint_auto/cmake)
[3.281s] -- Added test 'copyright' to check source files copyright and LICENSE
[3.312s] -- Added test 'flake8' to check Python code syntax and style conventions
[3.316s] -- Added test 'lint_cmake' to check CMake code style
[3.319s] -- Added test 'pep257' to check Python code against some of the style conventions in PEP 257
[3.330s] -- Added test 'xmllint' to check XML markup files
[3.335s] -- Configuring done
[3.338s] -- Generating done
[3.340s] -- Build files have been written to: /home/cyril/dev_ws/build/my_bot
[3.345s] Invoked command in '/home/cyril/dev_ws/build/my_bot' returned '0': CMAKE_PREFIX_PATH=${CMAKE_PREFIX_PATH}:/opt/ros/foxy /usr/bin/cmake /home/cyril/dev_ws/src/my_bot -DCMAKE_INSTALL_PREFIX=/home/cyril/dev_ws/install/my_bot
[3.351s] Invoking command in '/home/cyril/dev_ws/build/my_bot': CMAKE_PREFIX_PATH=${CMAKE_PREFIX_PATH}:/opt/ros/foxy /usr/bin/cmake --build /home/cyril/dev_ws/build/my_bot -- -j8 -l8
[3.410s] Invoked command in '/home/cyril/dev_ws/build/my_bot' returned '0': CMAKE_PREFIX_PATH=${CMAKE_PREFIX_PATH}:/opt/ros/foxy /usr/bin/cmake --build /home/cyril/dev_ws/build/my_bot -- -j8 -l8
[3.462s] Invoking command in '/home/cyril/dev_ws/build/my_bot': CMAKE_PREFIX_PATH=${CMAKE_PREFIX_PATH}:/opt/ros/foxy /usr/bin/cmake --install /home/cyril/dev_ws/build/my_bot
[3.475s] -- Install configuration: ""
[3.475s] -- Installing: /home/cyril/dev_ws/install/my_bot/share/my_bot/config
[3.475s] -- Installing: /home/cyril/dev_ws/install/my_bot/share/my_bot/config/view_bot.rviz
[3.477s] -- Installing: /home/cyril/dev_ws/install/my_bot/share/my_bot/config/my_rv.rviz
[3.477s] -- Installing: /home/cyril/dev_ws/install/my_bot/share/my_bot/config/empty.yaml
[3.478s] -- Installing: /home/cyril/dev_ws/install/my_bot/share/my_bot/config/obstacle
[3.479s] -- Installing: /home/cyril/dev_ws/install/my_bot/share/my_bot/config/obstacle/model.sdf
[3.479s] -- Installing: /home/cyril/dev_ws/install/my_bot/share/my_bot/config/obstacle/model.config
[3.480s] -- Installing: /home/cyril/dev_ws/install/my_bot/share/my_bot/config/mapper_params_online_async.yaml
[3.481s] -- Installing: /home/cyril/dev_ws/install/my_bot/share/my_bot/config/nav2_params.yaml
[3.481s] -- Installing: /home/cyril/dev_ws/install/my_bot/share/my_bot/config/drive_bot.rviz
[3.482s] -- Installing: /home/cyril/dev_ws/install/my_bot/share/my_bot/description
[3.483s] -- Installing: /home/cyril/dev_ws/install/my_bot/share/my_bot/description/robot_core.xacro
[3.483s] -- Installing: /home/cyril/dev_ws/install/my_bot/share/my_bot/description/gazebo_control.xacro
[3.483s] -- Installing: /home/cyril/dev_ws/install/my_bot/share/my_bot/description/robot.urdf.xacro
[3.484s] -- Installing: /home/cyril/dev_ws/install/my_bot/share/my_bot/description/lidar.xacro
[3.484s] -- Installing: /home/cyril/dev_ws/install/my_bot/share/my_bot/description/inertial_macros.xacro
[3.484s] -- Installing: /home/cyril/dev_ws/install/my_bot/share/my_bot/launch
[3.485s] -- Installing: /home/cyril/dev_ws/install/my_bot/share/my_bot/launch/mapping.launch.py
[3.485s] -- Installing: /home/cyril/dev_ws/install/my_bot/share/my_bot/launch/gazebo.launch.py
[3.485s] -- Installing: /home/cyril/dev_ws/install/my_bot/share/my_bot/launch/navigation.launch.py
[3.485s] -- Installing: /home/cyril/dev_ws/install/my_bot/share/my_bot/launch/my_main.launch.py
[3.485s] -- Installing: /home/cyril/dev_ws/install/my_bot/share/my_bot/launch/rviz.launch.py
[3.486s] -- Installing: /home/cyril/dev_ws/install/my_bot/share/my_bot/launch/rsp.launch.py
[3.486s] -- Installing: /home/cyril/dev_ws/install/my_bot/share/my_bot/worlds
[3.486s] -- Installing: /home/cyril/dev_ws/install/my_bot/share/my_bot/worlds/my_theme.world
[3.486s] -- Installing: /home/cyril/dev_ws/install/my_bot/share/my_bot/worlds/empty.world
[3.487s] -- Installing: /home/cyril/dev_ws/install/my_bot/share/ament_index/resource_index/package_run_dependencies/my_bot
[3.487s] -- Installing: /home/cyril/dev_ws/install/my_bot/share/ament_index/resource_index/parent_prefix_path/my_bot
[3.487s] -- Installing: /home/cyril/dev_ws/install/my_bot/share/my_bot/environment/ament_prefix_path.sh
[3.487s] -- Installing: /home/cyril/dev_ws/install/my_bot/share/my_bot/environment/ament_prefix_path.dsv
[3.488s] -- Installing: /home/cyril/dev_ws/install/my_bot/share/my_bot/environment/path.sh
[3.488s] -- Installing: /home/cyril/dev_ws/install/my_bot/share/my_bot/environment/path.dsv
[3.488s] -- Installing: /home/cyril/dev_ws/install/my_bot/share/my_bot/local_setup.bash
[3.489s] -- Installing: /home/cyril/dev_ws/install/my_bot/share/my_bot/local_setup.sh
[3.489s] -- Installing: /home/cyril/dev_ws/install/my_bot/share/my_bot/local_setup.zsh
[3.490s] -- Installing: /home/cyril/dev_ws/install/my_bot/share/my_bot/local_setup.dsv
[3.490s] -- Installing: /home/cyril/dev_ws/install/my_bot/share/my_bot/package.dsv
[3.490s] -- Installing: /home/cyril/dev_ws/install/my_bot/share/ament_index/resource_index/packages/my_bot
[3.491s] -- Installing: /home/cyril/dev_ws/install/my_bot/share/my_bot/cmake/my_botConfig.cmake
[3.491s] -- Installing: /home/cyril/dev_ws/install/my_bot/share/my_bot/cmake/my_botConfig-version.cmake
[3.491s] -- Installing: /home/cyril/dev_ws/install/my_bot/share/my_bot/package.xml
[3.496s] Invoked command in '/home/cyril/dev_ws/build/my_bot' returned '0': CMAKE_PREFIX_PATH=${CMAKE_PREFIX_PATH}:/opt/ros/foxy /usr/bin/cmake --install /home/cyril/dev_ws/build/my_bot
