[0.025s] Invoking command in '/home/cyril/dev_ws/build/my_bot': CMAKE_PREFIX_PATH=${CMAKE_PREFIX_PATH}:/opt/ros/foxy /usr/bin/cmake --build /home/cyril/dev_ws/build/my_bot -- -j8 -l8
[0.096s] Invoked command in '/home/cyril/dev_ws/build/my_bot' returned '0': CMAKE_PREFIX_PATH=${CMAKE_PREFIX_PATH}:/opt/ros/foxy /usr/bin/cmake --build /home/cyril/dev_ws/build/my_bot -- -j8 -l8
[0.155s] Invoking command in '/home/cyril/dev_ws/build/my_bot': CMAKE_PREFIX_PATH=${CMAKE_PREFIX_PATH}:/opt/ros/foxy /usr/bin/cmake --install /home/cyril/dev_ws/build/my_bot
[0.168s] -- Install configuration: ""
[0.169s] -- Execute custom install script
[0.170s] -- Up-to-date symlink: /home/cyril/dev_ws/install/my_bot/share/my_bot/config/empty.yaml
[0.171s] -- Up-to-date symlink: /home/cyril/dev_ws/install/my_bot/share/my_bot/description/robot.urdf.xacro
[0.172s] -- Up-to-date symlink: /home/cyril/dev_ws/install/my_bot/share/my_bot/description/robot_core.xacro
[0.172s] -- Up-to-date symlink: /home/cyril/dev_ws/install/my_bot/share/my_bot/launch/rsp.launch.py
[0.173s] -- Up-to-date symlink: /home/cyril/dev_ws/install/my_bot/share/my_bot/worlds/empty.world
[0.174s] -- Up-to-date symlink: /home/cyril/dev_ws/install/my_bot/share/ament_index/resource_index/package_run_dependencies/my_bot
[0.175s] -- Up-to-date symlink: /home/cyril/dev_ws/install/my_bot/share/ament_index/resource_index/parent_prefix_path/my_bot
[0.175s] -- Up-to-date symlink: /home/cyril/dev_ws/install/my_bot/share/my_bot/environment/ament_prefix_path.sh
[0.176s] -- Up-to-date symlink: /home/cyril/dev_ws/install/my_bot/share/my_bot/environment/ament_prefix_path.dsv
[0.177s] -- Up-to-date symlink: /home/cyril/dev_ws/install/my_bot/share/my_bot/environment/path.sh
[0.177s] -- Up-to-date symlink: /home/cyril/dev_ws/install/my_bot/share/my_bot/environment/path.dsv
[0.178s] -- Up-to-date symlink: /home/cyril/dev_ws/install/my_bot/share/my_bot/local_setup.bash
[0.179s] -- Up-to-date symlink: /home/cyril/dev_ws/install/my_bot/share/my_bot/local_setup.sh
[0.179s] -- Up-to-date symlink: /home/cyril/dev_ws/install/my_bot/share/my_bot/local_setup.zsh
[0.180s] -- Up-to-date symlink: /home/cyril/dev_ws/install/my_bot/share/my_bot/local_setup.dsv
[0.181s] -- Symlinking: /home/cyril/dev_ws/install/my_bot/share/my_bot/package.dsv
[0.193s] -- Up-to-date symlink: /home/cyril/dev_ws/install/my_bot/share/ament_index/resource_index/packages/my_bot
[0.194s] -- Up-to-date symlink: /home/cyril/dev_ws/install/my_bot/share/my_bot/cmake/my_botConfig.cmake
[0.194s] -- Up-to-date symlink: /home/cyril/dev_ws/install/my_bot/share/my_bot/cmake/my_botConfig-version.cmake
[0.195s] -- Up-to-date symlink: /home/cyril/dev_ws/install/my_bot/share/my_bot/package.xml
[0.198s] Invoked command in '/home/cyril/dev_ws/build/my_bot' returned '0': CMAKE_PREFIX_PATH=${CMAKE_PREFIX_PATH}:/opt/ros/foxy /usr/bin/cmake --install /home/cyril/dev_ws/build/my_bot
