[0.026s] Invoking command in '/home/cyril/dev_ws/build/my_bot': CMAKE_PREFIX_PATH=${CMAKE_PREFIX_PATH}:/opt/ros/foxy /usr/bin/cmake --build /home/cyril/dev_ws/build/my_bot -- -j8 -l8
[0.141s] Invoked command in '/home/cyril/dev_ws/build/my_bot' returned '0': CMAKE_PREFIX_PATH=${CMAKE_PREFIX_PATH}:/opt/ros/foxy /usr/bin/cmake --build /home/cyril/dev_ws/build/my_bot -- -j8 -l8
[0.213s] Invoking command in '/home/cyril/dev_ws/build/my_bot': CMAKE_PREFIX_PATH=${CMAKE_PREFIX_PATH}:/opt/ros/foxy /usr/bin/cmake --install /home/cyril/dev_ws/build/my_bot
[0.239s] -- Install configuration: ""
[0.240s] -- Execute custom install script
[0.241s] -- Up-to-date symlink: /home/cyril/dev_ws/install/my_bot/share/my_bot/config/empty.yaml
[0.242s] -- Up-to-date symlink: /home/cyril/dev_ws/install/my_bot/share/my_bot/config/view_bot.rviz
[0.242s] -- Symlinking: /home/cyril/dev_ws/install/my_bot/share/my_bot/description/gazebo_control.xacro
[0.261s] -- Up-to-date symlink: /home/cyril/dev_ws/install/my_bot/share/my_bot/description/inertial_macros.xacro
[0.261s] -- Up-to-date symlink: /home/cyril/dev_ws/install/my_bot/share/my_bot/description/robot.urdf.xacro
[0.262s] -- Up-to-date symlink: /home/cyril/dev_ws/install/my_bot/share/my_bot/description/robot_core.xacro
[0.264s] -- Up-to-date symlink: /home/cyril/dev_ws/install/my_bot/share/my_bot/launch/launch_sim.launch.py
[0.264s] -- Up-to-date symlink: /home/cyril/dev_ws/install/my_bot/share/my_bot/launch/rsp.launch.py
[0.265s] -- Up-to-date symlink: /home/cyril/dev_ws/install/my_bot/share/my_bot/worlds/empty.world
[0.267s] -- Up-to-date symlink: /home/cyril/dev_ws/install/my_bot/share/ament_index/resource_index/package_run_dependencies/my_bot
[0.269s] -- Up-to-date symlink: /home/cyril/dev_ws/install/my_bot/share/ament_index/resource_index/parent_prefix_path/my_bot
[0.270s] -- Up-to-date symlink: /home/cyril/dev_ws/install/my_bot/share/my_bot/environment/ament_prefix_path.sh
[0.272s] -- Up-to-date symlink: /home/cyril/dev_ws/install/my_bot/share/my_bot/environment/ament_prefix_path.dsv
[0.273s] -- Up-to-date symlink: /home/cyril/dev_ws/install/my_bot/share/my_bot/environment/path.sh
[0.274s] -- Up-to-date symlink: /home/cyril/dev_ws/install/my_bot/share/my_bot/environment/path.dsv
[0.276s] -- Up-to-date symlink: /home/cyril/dev_ws/install/my_bot/share/my_bot/local_setup.bash
[0.277s] -- Up-to-date symlink: /home/cyril/dev_ws/install/my_bot/share/my_bot/local_setup.sh
[0.278s] -- Up-to-date symlink: /home/cyril/dev_ws/install/my_bot/share/my_bot/local_setup.zsh
[0.278s] -- Up-to-date symlink: /home/cyril/dev_ws/install/my_bot/share/my_bot/local_setup.dsv
[0.279s] -- Symlinking: /home/cyril/dev_ws/install/my_bot/share/my_bot/package.dsv
[0.304s] -- Up-to-date symlink: /home/cyril/dev_ws/install/my_bot/share/ament_index/resource_index/packages/my_bot
[0.305s] -- Up-to-date symlink: /home/cyril/dev_ws/install/my_bot/share/my_bot/cmake/my_botConfig.cmake
[0.306s] -- Up-to-date symlink: /home/cyril/dev_ws/install/my_bot/share/my_bot/cmake/my_botConfig-version.cmake
[0.306s] -- Up-to-date symlink: /home/cyril/dev_ws/install/my_bot/share/my_bot/package.xml
[0.310s] Invoked command in '/home/cyril/dev_ws/build/my_bot' returned '0': CMAKE_PREFIX_PATH=${CMAKE_PREFIX_PATH}:/opt/ros/foxy /usr/bin/cmake --install /home/cyril/dev_ws/build/my_bot
