[0.015s] Invoking command in '/home/cyril/dev_ws/build/my_bot': /usr/bin/cmake --build /home/cyril/dev_ws/build/my_bot -- -j8 -l8
[0.063s] Invoked command in '/home/cyril/dev_ws/build/my_bot' returned '0': /usr/bin/cmake --build /home/cyril/dev_ws/build/my_bot -- -j8 -l8
[0.108s] Invoking command in '/home/cyril/dev_ws/build/my_bot': /usr/bin/cmake --install /home/cyril/dev_ws/build/my_bot
[0.122s] -- Install configuration: ""
[0.124s] -- Execute custom install script
[0.125s] -- Up-to-date symlink: /home/cyril/dev_ws/install/my_bot/share/my_bot/config/drive_bot.rviz
[0.125s] -- Up-to-date symlink: /home/cyril/dev_ws/install/my_bot/share/my_bot/config/empty.yaml
[0.126s] -- Up-to-date symlink: /home/cyril/dev_ws/install/my_bot/share/my_bot/config/mapper_params_online_async.yaml
[0.126s] -- Up-to-date symlink: /home/cyril/dev_ws/install/my_bot/share/my_bot/config/obstacle/model.config
[0.127s] -- Up-to-date symlink: /home/cyril/dev_ws/install/my_bot/share/my_bot/config/obstacle/model.sdf
[0.127s] -- Up-to-date symlink: /home/cyril/dev_ws/install/my_bot/share/my_bot/config/view_bot.rviz
[0.128s] -- Up-to-date symlink: /home/cyril/dev_ws/install/my_bot/share/my_bot/description/gazebo_control.xacro
[0.128s] -- Up-to-date symlink: /home/cyril/dev_ws/install/my_bot/share/my_bot/description/inertial_macros.xacro
[0.129s] -- Up-to-date symlink: /home/cyril/dev_ws/install/my_bot/share/my_bot/description/lidar.xacro
[0.129s] -- Up-to-date symlink: /home/cyril/dev_ws/install/my_bot/share/my_bot/description/robot.urdf.xacro
[0.129s] -- Up-to-date symlink: /home/cyril/dev_ws/install/my_bot/share/my_bot/description/robot_core.xacro
[0.130s] -- Up-to-date symlink: /home/cyril/dev_ws/install/my_bot/share/my_bot/launch/gazebo.launch.py
[0.131s] -- Up-to-date symlink: /home/cyril/dev_ws/install/my_bot/share/my_bot/launch/mapping.launch.py
[0.131s] -- Symlinking: /home/cyril/dev_ws/install/my_bot/share/my_bot/launch/navigation.launch.py
[0.147s] -- Up-to-date symlink: /home/cyril/dev_ws/install/my_bot/share/my_bot/launch/rsp.launch.py
[0.148s] -- Up-to-date symlink: /home/cyril/dev_ws/install/my_bot/share/my_bot/worlds/empty.world
[0.148s] -- Up-to-date symlink: /home/cyril/dev_ws/install/my_bot/share/my_bot/worlds/my_theme.world
[0.148s] -- Up-to-date symlink: /home/cyril/dev_ws/install/my_bot/share/ament_index/resource_index/package_run_dependencies/my_bot
[0.149s] -- Up-to-date symlink: /home/cyril/dev_ws/install/my_bot/share/ament_index/resource_index/parent_prefix_path/my_bot
[0.150s] -- Up-to-date symlink: /home/cyril/dev_ws/install/my_bot/share/my_bot/environment/ament_prefix_path.sh
[0.150s] -- Up-to-date symlink: /home/cyril/dev_ws/install/my_bot/share/my_bot/environment/ament_prefix_path.dsv
[0.150s] -- Up-to-date symlink: /home/cyril/dev_ws/install/my_bot/share/my_bot/environment/path.sh
[0.151s] -- Up-to-date symlink: /home/cyril/dev_ws/install/my_bot/share/my_bot/environment/path.dsv
[0.151s] -- Up-to-date symlink: /home/cyril/dev_ws/install/my_bot/share/my_bot/local_setup.bash
[0.152s] -- Up-to-date symlink: /home/cyril/dev_ws/install/my_bot/share/my_bot/local_setup.sh
[0.152s] -- Up-to-date symlink: /home/cyril/dev_ws/install/my_bot/share/my_bot/local_setup.zsh
[0.153s] -- Up-to-date symlink: /home/cyril/dev_ws/install/my_bot/share/my_bot/local_setup.dsv
[0.153s] -- Symlinking: /home/cyril/dev_ws/install/my_bot/share/my_bot/package.dsv
[0.167s] -- Up-to-date symlink: /home/cyril/dev_ws/install/my_bot/share/ament_index/resource_index/packages/my_bot
[0.168s] -- Up-to-date symlink: /home/cyril/dev_ws/install/my_bot/share/my_bot/cmake/my_botConfig.cmake
[0.168s] -- Up-to-date symlink: /home/cyril/dev_ws/install/my_bot/share/my_bot/cmake/my_botConfig-version.cmake
[0.169s] -- Up-to-date symlink: /home/cyril/dev_ws/install/my_bot/share/my_bot/package.xml
[0.171s] Invoked command in '/home/cyril/dev_ws/build/my_bot' returned '0': /usr/bin/cmake --install /home/cyril/dev_ws/build/my_bot
