[0.382s] DEBUG:colcon:Command line arguments: ['/usr/bin/colcon', 'build']
[0.382s] DEBUG:colcon:Parsed command line arguments: Namespace(allow_overriding=[], ament_cmake_args=None, base_paths=['.'], build_base='build', catkin_cmake_args=None, catkin_skip_building_tests=False, cmake_args=None, cmake_clean_cache=False, cmake_clean_first=False, cmake_force_configure=False, cmake_target=None, cmake_target_skip_unavailable=False, continue_on_error=False, event_handlers=None, executor='parallel', ignore_user_meta=False, install_base='install', log_base=None, log_level=None, main=<bound method BuildVerb.main of <colcon_core.verb.build.BuildVerb object at 0x7f5b47e1d9a0>>, merge_install=False, metas=['./colcon.meta'], mixin=None, mixin_files=None, mixin_verb=('build',), packages_above=None, packages_above_and_dependencies=None, packages_above_depth=None, packages_end=None, packages_ignore=None, packages_ignore_regex=None, packages_select=None, packages_select_build_failed=False, packages_select_by_dep=None, packages_select_regex=None, packages_select_test_failures=False, packages_skip=None, packages_skip_build_finished=False, packages_skip_by_dep=None, packages_skip_regex=None, packages_skip_test_passed=False, packages_skip_up_to=None, packages_start=None, packages_up_to=None, packages_up_to_regex=None, parallel_workers=8, paths=None, symlink_install=False, test_result_base=None, verb_extension=<colcon_core.verb.build.BuildVerb object at 0x7f5b47e1d9a0>, verb_name='build', verb_parser=<colcon_mixin.mixin.mixin_argument.MixinArgumentDecorator object at 0x7f5b47e35370>)
[0.611s] Level 1:colcon.colcon_core.package_discovery:discover_packages(colcon_meta) check parameters
[0.612s] Level 1:colcon.colcon_core.package_discovery:discover_packages(recursive) check parameters
[0.612s] Level 1:colcon.colcon_core.package_discovery:discover_packages(ignore) check parameters
[0.612s] Level 1:colcon.colcon_core.package_discovery:discover_packages(path) check parameters
[0.612s] Level 1:colcon.colcon_core.package_discovery:discover_packages(colcon_meta) discover
[0.612s] Level 1:colcon.colcon_core.package_discovery:discover_packages(recursive) discover
[0.613s] INFO:colcon.colcon_core.package_discovery:Crawling recursively for packages in '/home/cyril/dev_ws'
[0.613s] Level 1:colcon.colcon_core.package_identification:_identify(.) by extensions ['ignore', 'ignore_ament_install']
[0.613s] Level 1:colcon.colcon_core.package_identification:_identify(.) by extension 'ignore'
[0.614s] Level 1:colcon.colcon_core.package_identification:_identify(.) by extension 'ignore_ament_install'
[0.614s] Level 1:colcon.colcon_core.package_identification:_identify(.) by extensions ['colcon_pkg']
[0.614s] Level 1:colcon.colcon_core.package_identification:_identify(.) by extension 'colcon_pkg'
[0.615s] Level 1:colcon.colcon_core.package_identification:_identify(.) by extensions ['colcon_meta']
[0.615s] Level 1:colcon.colcon_core.package_identification:_identify(.) by extension 'colcon_meta'
[0.615s] Level 1:colcon.colcon_core.package_identification:_identify(.) by extensions ['ros']
[0.615s] Level 1:colcon.colcon_core.package_identification:_identify(.) by extension 'ros'
[0.637s] Level 1:colcon.colcon_core.package_identification:_identify(.) by extensions ['cmake', 'python']
[0.637s] Level 1:colcon.colcon_core.package_identification:_identify(.) by extension 'cmake'
[0.637s] Level 1:colcon.colcon_core.package_identification:_identify(.) by extension 'python'
[0.637s] Level 1:colcon.colcon_core.package_identification:_identify(.) by extensions ['python_setup_py']
[0.637s] Level 1:colcon.colcon_core.package_identification:_identify(.) by extension 'python_setup_py'
[0.638s] Level 1:colcon.colcon_core.package_identification:_identify(build) by extensions ['ignore', 'ignore_ament_install']
[0.638s] Level 1:colcon.colcon_core.package_identification:_identify(build) by extension 'ignore'
[0.638s] Level 1:colcon.colcon_core.package_identification:_identify(build) ignored
[0.638s] Level 1:colcon.colcon_core.package_identification:_identify(install) by extensions ['ignore', 'ignore_ament_install']
[0.638s] Level 1:colcon.colcon_core.package_identification:_identify(install) by extension 'ignore'
[0.638s] Level 1:colcon.colcon_core.package_identification:_identify(install) ignored
[0.639s] Level 1:colcon.colcon_core.package_identification:_identify(log) by extensions ['ignore', 'ignore_ament_install']
[0.639s] Level 1:colcon.colcon_core.package_identification:_identify(log) by extension 'ignore'
[0.639s] Level 1:colcon.colcon_core.package_identification:_identify(log) ignored
[0.639s] Level 1:colcon.colcon_core.package_identification:_identify(src) by extensions ['ignore', 'ignore_ament_install']
[0.639s] Level 1:colcon.colcon_core.package_identification:_identify(src) by extension 'ignore'
[0.639s] Level 1:colcon.colcon_core.package_identification:_identify(src) by extension 'ignore_ament_install'
[0.639s] Level 1:colcon.colcon_core.package_identification:_identify(src) by extensions ['colcon_pkg']
[0.640s] Level 1:colcon.colcon_core.package_identification:_identify(src) by extension 'colcon_pkg'
[0.640s] Level 1:colcon.colcon_core.package_identification:_identify(src) by extensions ['colcon_meta']
[0.640s] Level 1:colcon.colcon_core.package_identification:_identify(src) by extension 'colcon_meta'
[0.640s] Level 1:colcon.colcon_core.package_identification:_identify(src) by extensions ['ros']
[0.640s] Level 1:colcon.colcon_core.package_identification:_identify(src) by extension 'ros'
[0.640s] Level 1:colcon.colcon_core.package_identification:_identify(src) by extensions ['cmake', 'python']
[0.640s] Level 1:colcon.colcon_core.package_identification:_identify(src) by extension 'cmake'
[0.640s] Level 1:colcon.colcon_core.package_identification:_identify(src) by extension 'python'
[0.640s] Level 1:colcon.colcon_core.package_identification:_identify(src) by extensions ['python_setup_py']
[0.640s] Level 1:colcon.colcon_core.package_identification:_identify(src) by extension 'python_setup_py'
[0.641s] Level 1:colcon.colcon_core.package_identification:_identify(src/my_bot) by extensions ['ignore', 'ignore_ament_install']
[0.641s] Level 1:colcon.colcon_core.package_identification:_identify(src/my_bot) by extension 'ignore'
[0.641s] Level 1:colcon.colcon_core.package_identification:_identify(src/my_bot) by extension 'ignore_ament_install'
[0.641s] Level 1:colcon.colcon_core.package_identification:_identify(src/my_bot) by extensions ['colcon_pkg']
[0.641s] Level 1:colcon.colcon_core.package_identification:_identify(src/my_bot) by extension 'colcon_pkg'
[0.641s] Level 1:colcon.colcon_core.package_identification:_identify(src/my_bot) by extensions ['colcon_meta']
[0.641s] Level 1:colcon.colcon_core.package_identification:_identify(src/my_bot) by extension 'colcon_meta'
[0.641s] Level 1:colcon.colcon_core.package_identification:_identify(src/my_bot) by extensions ['ros']
[0.641s] Level 1:colcon.colcon_core.package_identification:_identify(src/my_bot) by extension 'ros'
[0.645s] DEBUG:colcon.colcon_core.package_identification:Package 'src/my_bot' with type 'ros.ament_cmake' and name 'my_bot'
[0.646s] Level 1:colcon.colcon_core.package_discovery:discover_packages(recursive) using defaults
[0.646s] Level 1:colcon.colcon_core.package_discovery:discover_packages(ignore) discover
[0.646s] Level 1:colcon.colcon_core.package_discovery:discover_packages(ignore) using defaults
[0.646s] Level 1:colcon.colcon_core.package_discovery:discover_packages(path) discover
[0.646s] Level 1:colcon.colcon_core.package_discovery:discover_packages(path) using defaults
[0.693s] Level 1:colcon.colcon_core.package_discovery:discover_packages(prefix_path) check parameters
[0.693s] Level 1:colcon.colcon_core.package_discovery:discover_packages(prefix_path) discover
[0.697s] WARNING:colcon.colcon_ros.prefix_path.ament:The path '/home/cyril/dev_ws/install/my_bot' in the environment variable AMENT_PREFIX_PATH doesn't exist
[0.697s] WARNING:colcon.colcon_ros.prefix_path.catkin:The path '/home/cyril/dev_ws/install/my_bot' in the environment variable CMAKE_PREFIX_PATH doesn't exist
[0.700s] DEBUG:colcon.colcon_installed_package_information.package_discovery:Found 0 installed packages in /home/cyril/dev_ws/install
[0.702s] DEBUG:colcon.colcon_installed_package_information.package_discovery:Found 304 installed packages in /opt/ros/foxy
[0.704s] Level 1:colcon.colcon_core.package_discovery:discover_packages(prefix_path) using defaults
[0.833s] Level 5:colcon.colcon_core.verb:set package 'my_bot' build argument 'cmake_args' from command line to 'None'
[0.833s] Level 5:colcon.colcon_core.verb:set package 'my_bot' build argument 'cmake_target' from command line to 'None'
[0.833s] Level 5:colcon.colcon_core.verb:set package 'my_bot' build argument 'cmake_target_skip_unavailable' from command line to 'False'
[0.833s] Level 5:colcon.colcon_core.verb:set package 'my_bot' build argument 'cmake_clean_cache' from command line to 'False'
[0.833s] Level 5:colcon.colcon_core.verb:set package 'my_bot' build argument 'cmake_clean_first' from command line to 'False'
[0.833s] Level 5:colcon.colcon_core.verb:set package 'my_bot' build argument 'cmake_force_configure' from command line to 'False'
[0.833s] Level 5:colcon.colcon_core.verb:set package 'my_bot' build argument 'ament_cmake_args' from command line to 'None'
[0.833s] Level 5:colcon.colcon_core.verb:set package 'my_bot' build argument 'catkin_cmake_args' from command line to 'None'
[0.833s] Level 5:colcon.colcon_core.verb:set package 'my_bot' build argument 'catkin_skip_building_tests' from command line to 'False'
[0.833s] DEBUG:colcon.colcon_core.verb:Building package 'my_bot' with the following arguments: {'ament_cmake_args': None, 'build_base': '/home/cyril/dev_ws/build/my_bot', 'catkin_cmake_args': None, 'catkin_skip_building_tests': False, 'cmake_args': None, 'cmake_clean_cache': False, 'cmake_clean_first': False, 'cmake_force_configure': False, 'cmake_target': None, 'cmake_target_skip_unavailable': False, 'install_base': '/home/cyril/dev_ws/install/my_bot', 'merge_install': False, 'path': '/home/cyril/dev_ws/src/my_bot', 'symlink_install': False, 'test_result_base': None}
[0.834s] INFO:colcon.colcon_core.executor:Executing jobs using 'parallel' executor
[0.835s] DEBUG:colcon.colcon_parallel_executor.executor.parallel:run_until_complete
[0.835s] INFO:colcon.colcon_ros.task.ament_cmake.build:Building ROS package in '/home/cyril/dev_ws/src/my_bot' with build type 'ament_cmake'
[0.835s] INFO:colcon.colcon_cmake.task.cmake.build:Building CMake package in '/home/cyril/dev_ws/src/my_bot'
[0.843s] INFO:colcon.colcon_core.plugin_system:Skipping extension 'colcon_core.shell.bat': Not used on non-Windows systems
[0.844s] INFO:colcon.colcon_core.shell:Skip shell extension 'powershell' for command environment: Not usable outside of PowerShell
[0.844s] DEBUG:colcon.colcon_core.shell:Skip shell extension 'dsv' for command environment
[0.862s] DEBUG:colcon.colcon_core.event_handler.log_command:Invoking command in '/home/cyril/dev_ws/build/my_bot': CMAKE_PREFIX_PATH=${CMAKE_PREFIX_PATH}:/opt/ros/foxy /usr/bin/cmake /home/cyril/dev_ws/src/my_bot -DCMAKE_INSTALL_PREFIX=/home/cyril/dev_ws/install/my_bot
[4.182s] DEBUG:colcon.colcon_core.event_handler.log_command:Invoked command in '/home/cyril/dev_ws/build/my_bot' returned '0': CMAKE_PREFIX_PATH=${CMAKE_PREFIX_PATH}:/opt/ros/foxy /usr/bin/cmake /home/cyril/dev_ws/src/my_bot -DCMAKE_INSTALL_PREFIX=/home/cyril/dev_ws/install/my_bot
[4.187s] DEBUG:colcon.colcon_core.event_handler.log_command:Invoking command in '/home/cyril/dev_ws/build/my_bot': CMAKE_PREFIX_PATH=${CMAKE_PREFIX_PATH}:/opt/ros/foxy /usr/bin/cmake --build /home/cyril/dev_ws/build/my_bot -- -j8 -l8
[4.247s] DEBUG:colcon.colcon_core.event_handler.log_command:Invoked command in '/home/cyril/dev_ws/build/my_bot' returned '0': CMAKE_PREFIX_PATH=${CMAKE_PREFIX_PATH}:/opt/ros/foxy /usr/bin/cmake --build /home/cyril/dev_ws/build/my_bot -- -j8 -l8
[4.299s] DEBUG:colcon.colcon_core.event_handler.log_command:Invoking command in '/home/cyril/dev_ws/build/my_bot': CMAKE_PREFIX_PATH=${CMAKE_PREFIX_PATH}:/opt/ros/foxy /usr/bin/cmake --install /home/cyril/dev_ws/build/my_bot
[4.330s] Level 1:colcon.colcon_core.environment:create_environment_scripts_only(my_bot)
[4.332s] DEBUG:colcon.colcon_core.event_handler.log_command:Invoked command in '/home/cyril/dev_ws/build/my_bot' returned '0': CMAKE_PREFIX_PATH=${CMAKE_PREFIX_PATH}:/opt/ros/foxy /usr/bin/cmake --install /home/cyril/dev_ws/build/my_bot
[4.340s] Level 1:colcon.colcon_core.environment:checking '/home/cyril/dev_ws/install/my_bot' for CMake module files
[4.340s] Level 1:colcon.colcon_core.environment:checking '/home/cyril/dev_ws/install/my_bot' for CMake config files
[4.341s] Level 1:colcon.colcon_core.shell:create_environment_hook('my_bot', 'cmake_prefix_path')
[4.341s] INFO:colcon.colcon_core.shell:Creating environment hook '/home/cyril/dev_ws/install/my_bot/share/my_bot/hook/cmake_prefix_path.ps1'
[4.343s] INFO:colcon.colcon_core.shell:Creating environment descriptor '/home/cyril/dev_ws/install/my_bot/share/my_bot/hook/cmake_prefix_path.dsv'
[4.344s] INFO:colcon.colcon_core.shell:Creating environment hook '/home/cyril/dev_ws/install/my_bot/share/my_bot/hook/cmake_prefix_path.sh'
[4.345s] Level 1:colcon.colcon_core.environment:checking '/home/cyril/dev_ws/install/my_bot/bin'
[4.345s] Level 1:colcon.colcon_core.environment:checking '/home/cyril/dev_ws/install/my_bot/lib/pkgconfig/my_bot.pc'
[4.346s] Level 1:colcon.colcon_core.environment:checking '/home/cyril/dev_ws/install/my_bot/lib/python3.8/site-packages'
[4.346s] Level 1:colcon.colcon_core.environment:checking '/home/cyril/dev_ws/install/my_bot/bin'
[4.346s] INFO:colcon.colcon_core.shell:Creating package script '/home/cyril/dev_ws/install/my_bot/share/my_bot/package.ps1'
[4.348s] INFO:colcon.colcon_core.shell:Creating package descriptor '/home/cyril/dev_ws/install/my_bot/share/my_bot/package.dsv'
[4.349s] INFO:colcon.colcon_core.shell:Creating package script '/home/cyril/dev_ws/install/my_bot/share/my_bot/package.sh'
[4.350s] INFO:colcon.colcon_core.shell:Creating package script '/home/cyril/dev_ws/install/my_bot/share/my_bot/package.bash'
[4.352s] INFO:colcon.colcon_core.shell:Creating package script '/home/cyril/dev_ws/install/my_bot/share/my_bot/package.zsh'
[4.353s] Level 1:colcon.colcon_core.environment:create_file_with_runtime_dependencies(/home/cyril/dev_ws/install/my_bot/share/colcon-core/packages/my_bot)
[4.383s] Level 1:colcon.colcon_core.environment:create_environment_scripts_only(my_bot)
[4.384s] Level 1:colcon.colcon_core.environment:checking '/home/cyril/dev_ws/install/my_bot' for CMake module files
[4.385s] Level 1:colcon.colcon_core.environment:checking '/home/cyril/dev_ws/install/my_bot' for CMake config files
[4.386s] Level 1:colcon.colcon_core.shell:create_environment_hook('my_bot', 'cmake_prefix_path')
[4.387s] INFO:colcon.colcon_core.shell:Creating environment hook '/home/cyril/dev_ws/install/my_bot/share/my_bot/hook/cmake_prefix_path.ps1'
[4.387s] INFO:colcon.colcon_core.shell:Creating environment descriptor '/home/cyril/dev_ws/install/my_bot/share/my_bot/hook/cmake_prefix_path.dsv'
[4.388s] INFO:colcon.colcon_core.shell:Creating environment hook '/home/cyril/dev_ws/install/my_bot/share/my_bot/hook/cmake_prefix_path.sh'
[4.389s] Level 1:colcon.colcon_core.environment:checking '/home/cyril/dev_ws/install/my_bot/bin'
[4.389s] Level 1:colcon.colcon_core.environment:checking '/home/cyril/dev_ws/install/my_bot/lib/pkgconfig/my_bot.pc'
[4.389s] Level 1:colcon.colcon_core.environment:checking '/home/cyril/dev_ws/install/my_bot/lib/python3.8/site-packages'
[4.390s] Level 1:colcon.colcon_core.environment:checking '/home/cyril/dev_ws/install/my_bot/bin'
[4.391s] INFO:colcon.colcon_core.shell:Creating package script '/home/cyril/dev_ws/install/my_bot/share/my_bot/package.ps1'
[4.391s] INFO:colcon.colcon_core.shell:Creating package descriptor '/home/cyril/dev_ws/install/my_bot/share/my_bot/package.dsv'
[4.392s] INFO:colcon.colcon_core.shell:Creating package script '/home/cyril/dev_ws/install/my_bot/share/my_bot/package.sh'
[4.393s] INFO:colcon.colcon_core.shell:Creating package script '/home/cyril/dev_ws/install/my_bot/share/my_bot/package.bash'
[4.393s] INFO:colcon.colcon_core.shell:Creating package script '/home/cyril/dev_ws/install/my_bot/share/my_bot/package.zsh'
[4.394s] Level 1:colcon.colcon_core.environment:create_file_with_runtime_dependencies(/home/cyril/dev_ws/install/my_bot/share/colcon-core/packages/my_bot)
[4.395s] DEBUG:colcon.colcon_parallel_executor.executor.parallel:closing loop
[4.396s] DEBUG:colcon.colcon_parallel_executor.executor.parallel:loop closed
[4.396s] DEBUG:colcon.colcon_parallel_executor.executor.parallel:run_until_complete finished with '0'
[4.396s] DEBUG:colcon.colcon_core.event_reactor:joining thread
[4.420s] INFO:colcon.colcon_core.plugin_system:Skipping extension 'colcon_notification.desktop_notification.terminal_notifier': Not used on non-Darwin systems
[4.421s] INFO:colcon.colcon_core.plugin_system:Skipping extension 'colcon_notification.desktop_notification.win32': Not used on non-Windows systems
[4.421s] INFO:colcon.colcon_notification.desktop_notification:Sending desktop notification using 'notify2'
[4.469s] DEBUG:colcon.colcon_core.event_reactor:joined thread
[4.470s] INFO:colcon.colcon_core.shell:Creating prefix script '/home/cyril/dev_ws/install/local_setup.ps1'
[4.472s] INFO:colcon.colcon_core.shell:Creating prefix util module '/home/cyril/dev_ws/install/_local_setup_util_ps1.py'
[4.476s] INFO:colcon.colcon_core.shell:Creating prefix chain script '/home/cyril/dev_ws/install/setup.ps1'
[4.478s] INFO:colcon.colcon_core.shell:Creating prefix script '/home/cyril/dev_ws/install/local_setup.sh'
[4.480s] INFO:colcon.colcon_core.shell:Creating prefix util module '/home/cyril/dev_ws/install/_local_setup_util_sh.py'
[4.481s] INFO:colcon.colcon_core.shell:Creating prefix chain script '/home/cyril/dev_ws/install/setup.sh'
[4.483s] INFO:colcon.colcon_core.shell:Creating prefix script '/home/cyril/dev_ws/install/local_setup.bash'
[4.485s] INFO:colcon.colcon_core.shell:Creating prefix chain script '/home/cyril/dev_ws/install/setup.bash'
[4.487s] INFO:colcon.colcon_core.shell:Creating prefix script '/home/cyril/dev_ws/install/local_setup.zsh'
[4.489s] INFO:colcon.colcon_core.shell:Creating prefix chain script '/home/cyril/dev_ws/install/setup.zsh'
