[0.027s] Invoking command in '/home/cyril/dev_ws/build/my_bot': CMAKE_PREFIX_PATH=${CMAKE_PREFIX_PATH}:/opt/ros/foxy /usr/bin/cmake /home/cyril/dev_ws/src/my_bot -DCMAKE_INSTALL_PREFIX=/home/cyril/dev_ws/install/my_bot
[0.329s] -- Found ament_cmake: 0.9.12 (/opt/ros/foxy/share/ament_cmake/cmake)
[0.407s] -- Using PYTHON_EXECUTABLE: /usr/bin/python3
[0.662s] -- Override CMake install command with custom implementation using symlinks instead of copying resources
[0.741s] -- Found ament_lint_auto: 0.9.8 (/opt/ros/foxy/share/ament_lint_auto/cmake)
[0.883s] -- Added test 'copyright' to check source files copyright and LICENSE
[0.928s] -- Added test 'flake8' to check Python code syntax and style conventions
[0.931s] -- Added test 'lint_cmake' to check CMake code style
[0.933s] -- Added test 'pep257' to check Python code against some of the style conventions in PEP 257
[0.943s] -- Added test 'xmllint' to check XML markup files
[0.950s] -- Configuring done
[0.968s] -- Generating done
[0.969s] -- Build files have been written to: /home/cyril/dev_ws/build/my_bot
[0.978s] Invoked command in '/home/cyril/dev_ws/build/my_bot' returned '0': CMAKE_PREFIX_PATH=${CMAKE_PREFIX_PATH}:/opt/ros/foxy /usr/bin/cmake /home/cyril/dev_ws/src/my_bot -DCMAKE_INSTALL_PREFIX=/home/cyril/dev_ws/install/my_bot
[0.982s] Invoking command in '/home/cyril/dev_ws/build/my_bot': CMAKE_PREFIX_PATH=${CMAKE_PREFIX_PATH}:/opt/ros/foxy /usr/bin/cmake --build /home/cyril/dev_ws/build/my_bot -- -j8 -l8
[1.049s] Invoked command in '/home/cyril/dev_ws/build/my_bot' returned '0': CMAKE_PREFIX_PATH=${CMAKE_PREFIX_PATH}:/opt/ros/foxy /usr/bin/cmake --build /home/cyril/dev_ws/build/my_bot -- -j8 -l8
[1.095s] Invoking command in '/home/cyril/dev_ws/build/my_bot': CMAKE_PREFIX_PATH=${CMAKE_PREFIX_PATH}:/opt/ros/foxy /usr/bin/cmake --install /home/cyril/dev_ws/build/my_bot
[1.110s] -- Install configuration: ""
[1.110s] -- Execute custom install script
[1.112s] -- Up-to-date symlink: /home/cyril/dev_ws/install/my_bot/share/my_bot/config/drive_bot.rviz
[1.112s] -- Up-to-date symlink: /home/cyril/dev_ws/install/my_bot/share/my_bot/config/empty.yaml
[1.112s] -- Up-to-date symlink: /home/cyril/dev_ws/install/my_bot/share/my_bot/config/mapper_params_online_async.yaml
[1.113s] -- Up-to-date symlink: /home/cyril/dev_ws/install/my_bot/share/my_bot/config/my_rv.rviz
[1.113s] -- Up-to-date symlink: /home/cyril/dev_ws/install/my_bot/share/my_bot/config/nav2_params.yaml
[1.114s] -- Up-to-date symlink: /home/cyril/dev_ws/install/my_bot/share/my_bot/config/obstacle/model.config
[1.114s] -- Up-to-date symlink: /home/cyril/dev_ws/install/my_bot/share/my_bot/config/obstacle/model.sdf
[1.114s] -- Up-to-date symlink: /home/cyril/dev_ws/install/my_bot/share/my_bot/config/view_bot.rviz
[1.115s] -- Up-to-date symlink: /home/cyril/dev_ws/install/my_bot/share/my_bot/description/gazebo_control.xacro
[1.116s] -- Up-to-date symlink: /home/cyril/dev_ws/install/my_bot/share/my_bot/description/inertial_macros.xacro
[1.116s] -- Up-to-date symlink: /home/cyril/dev_ws/install/my_bot/share/my_bot/description/lidar.xacro
[1.116s] -- Up-to-date symlink: /home/cyril/dev_ws/install/my_bot/share/my_bot/description/robot.urdf.xacro
[1.117s] -- Up-to-date symlink: /home/cyril/dev_ws/install/my_bot/share/my_bot/description/robot_core.xacro
[1.118s] -- Up-to-date symlink: /home/cyril/dev_ws/install/my_bot/share/my_bot/launch/garv.launch.py
[1.118s] -- Up-to-date symlink: /home/cyril/dev_ws/install/my_bot/share/my_bot/launch/gazebo.launch.py
[1.118s] -- Up-to-date symlink: /home/cyril/dev_ws/install/my_bot/share/my_bot/launch/mapping.launch.py
[1.119s] -- Up-to-date symlink: /home/cyril/dev_ws/install/my_bot/share/my_bot/launch/my_main.launch.py
[1.119s] -- Up-to-date symlink: /home/cyril/dev_ws/install/my_bot/share/my_bot/launch/navigation.launch.py
[1.120s] -- Up-to-date symlink: /home/cyril/dev_ws/install/my_bot/share/my_bot/launch/rsp.launch.py
[1.120s] -- Up-to-date symlink: /home/cyril/dev_ws/install/my_bot/share/my_bot/launch/rviz.launch.py
[1.121s] -- Up-to-date symlink: /home/cyril/dev_ws/install/my_bot/share/my_bot/worlds/empty.world
[1.121s] -- Up-to-date symlink: /home/cyril/dev_ws/install/my_bot/share/my_bot/worlds/my_theme.world
[1.122s] -- Up-to-date symlink: /home/cyril/dev_ws/install/my_bot/share/ament_index/resource_index/package_run_dependencies/my_bot
[1.123s] -- Up-to-date symlink: /home/cyril/dev_ws/install/my_bot/share/ament_index/resource_index/parent_prefix_path/my_bot
[1.123s] -- Up-to-date symlink: /home/cyril/dev_ws/install/my_bot/share/my_bot/environment/ament_prefix_path.sh
[1.124s] -- Up-to-date symlink: /home/cyril/dev_ws/install/my_bot/share/my_bot/environment/ament_prefix_path.dsv
[1.124s] -- Up-to-date symlink: /home/cyril/dev_ws/install/my_bot/share/my_bot/environment/path.sh
[1.125s] -- Up-to-date symlink: /home/cyril/dev_ws/install/my_bot/share/my_bot/environment/path.dsv
[1.125s] -- Up-to-date symlink: /home/cyril/dev_ws/install/my_bot/share/my_bot/local_setup.bash
[1.126s] -- Up-to-date symlink: /home/cyril/dev_ws/install/my_bot/share/my_bot/local_setup.sh
[1.126s] -- Up-to-date symlink: /home/cyril/dev_ws/install/my_bot/share/my_bot/local_setup.zsh
[1.127s] -- Up-to-date symlink: /home/cyril/dev_ws/install/my_bot/share/my_bot/local_setup.dsv
[1.127s] -- Symlinking: /home/cyril/dev_ws/install/my_bot/share/my_bot/package.dsv
[1.143s] -- Up-to-date symlink: /home/cyril/dev_ws/install/my_bot/share/ament_index/resource_index/packages/my_bot
[1.143s] -- Up-to-date symlink: /home/cyril/dev_ws/install/my_bot/share/my_bot/cmake/my_botConfig.cmake
[1.144s] -- Up-to-date symlink: /home/cyril/dev_ws/install/my_bot/share/my_bot/cmake/my_botConfig-version.cmake
[1.144s] -- Up-to-date symlink: /home/cyril/dev_ws/install/my_bot/share/my_bot/package.xml
[1.148s] Invoked command in '/home/cyril/dev_ws/build/my_bot' returned '0': CMAKE_PREFIX_PATH=${CMAKE_PREFIX_PATH}:/opt/ros/foxy /usr/bin/cmake --install /home/cyril/dev_ws/build/my_bot
